# JRE version: OpenJDK Runtime Environment (17.0.6) (build 17.0.6+0-b2043.56-10027231)
# Java VM: OpenJDK 64-Bit Server VM (17.0.6+0-b2043.56-10027231, mixed mode, tiered, compressed oops, compressed class ptrs, g1 gc, windows-amd64)
GC Precious Log:
 CPUs: 8 total, 8 available
 Memory: 7971M
 Large Page Support: Disabled
 NUMA Support: Disabled
 Compressed Oops: Enabled (32-bit)
 Heap Region Size: 1M
 Heap Min Capacity: 8M
 Heap Initial Capacity: 126M
 Heap Max Capacity: 1994M
 Pre-touch: Disabled
 Parallel Workers: 8
 Concurrent Workers: 2
 Concurrent Refinement Workers: 8
 Periodic GC: Disabled
Heap:
 garbage-first heap   total 129024K, used 46030K [0x0000000083600000, 0x0000000100000000)
  region size 1024K, 1 young (1024K), 1 survivors (1024K)
 Metaspace       used 51936K, committed 52160K, reserved 1097728K
  class space    used 6144K, committed 6272K, reserved 1048576K
GC Heap History (20 events):
Event: 2.235 GC heap after
{Heap after GC invocations=10 (full 0):
 garbage-first heap   total 64512K, used 22618K [0x0000000083600000, 0x0000000100000000)
  region size 1024K, 4 young (4096K), 4 survivors (4096K)
 Metaspace       used 40342K, committed 40512K, reserved 1089536K
  class space    used 4965K, committed 5056K, reserved 1048576K
}
Event: 2.850 GC heap before
{Heap before GC invocations=10 (full 0):
 garbage-first heap   total 64512K, used 47194K [0x0000000083600000, 0x0000000100000000)
  region size 1024K, 26 young (26624K), 4 survivors (4096K)
 Metaspace       used 46024K, committed 46336K, reserved 1089536K
  class space    used 5628K, committed 5760K, reserved 1048576K
}
Event: 2.864 GC heap after
{Heap after GC invocations=11 (full 0):
 garbage-first heap   total 64512K, used 27512K [0x0000000083600000, 0x0000000100000000)
  region size 1024K, 3 young (3072K), 3 survivors (3072K)
 Metaspace       used 46024K, committed 46336K, reserved 1089536K
  class space    used 5628K, committed 5760K, reserved 1048576K
}
Event: 3.160 GC heap before
{Heap before GC invocations=11 (full 0):
 garbage-first heap   total 64512K, used 47992K [0x0000000083600000, 0x0000000100000000)
  region size 1024K, 23 young (23552K), 3 survivors (3072K)
 Metaspace       used 47450K, committed 47680K, reserved 1097728K
  class space    used 5788K, committed 5888K, reserved 1048576K
}
Event: 3.170 GC heap after
{Heap after GC invocations=12 (full 0):
 garbage-first heap   total 64512K, used 29212K [0x0000000083600000, 0x0000000100000000)
  region size 1024K, 2 young (2048K), 2 survivors (2048K)
 Metaspace       used 47450K, committed 47680K, reserved 1097728K
  class space    used 5788K, committed 5888K, reserved 1048576K
}
Event: 3.518 GC heap before
{Heap before GC invocations=12 (full 0):
 garbage-first heap   total 64512K, used 48668K [0x0000000083600000, 0x0000000100000000)
  region size 1024K, 21 young (21504K), 2 survivors (2048K)
 Metaspace       used 48200K, committed 48448K, reserved 1097728K
  class space    used 5856K, committed 5952K, reserved 1048576K
}
Event: 3.533 GC heap after
{Heap after GC invocations=13 (full 0):
 garbage-first heap   total 64512K, used 32238K [0x0000000083600000, 0x0000000100000000)
  region size 1024K, 3 young (3072K), 3 survivors (3072K)
 Metaspace       used 48200K, committed 48448K, reserved 1097728K
  class space    used 5856K, committed 5952K, reserved 1048576K
}
Event: 3.827 GC heap before
{Heap before GC invocations=13 (full 0):
 garbage-first heap   total 64512K, used 49646K [0x0000000083600000, 0x0000000100000000)
  region size 1024K, 20 young (20480K), 3 survivors (3072K)
 Metaspace       used 49446K, committed 49664K, reserved 1097728K
  class space    used 5993K, committed 6080K, reserved 1048576K
}
Event: 3.840 GC heap after
{Heap after GC invocations=14 (full 0):
 garbage-first heap   total 83968K, used 34943K [0x0000000083600000, 0x0000000100000000)
  region size 1024K, 3 young (3072K), 3 survivors (3072K)
 Metaspace       used 49446K, committed 49664K, reserved 1097728K
  class space    used 5993K, committed 6080K, reserved 1048576K
}
Event: 4.809 GC heap before
{Heap before GC invocations=15 (full 0):
 garbage-first heap   total 83968K, used 61567K [0x0000000083600000, 0x0000000100000000)
  region size 1024K, 29 young (29696K), 3 survivors (3072K)
 Metaspace       used 51158K, committed 51392K, reserved 1097728K
  class space    used 6089K, committed 6208K, reserved 1048576K
}
Event: 4.828 GC heap after
{Heap after GC invocations=16 (full 0):
 garbage-first heap   total 83968K, used 39777K [0x0000000083600000, 0x0000000100000000)
  region size 1024K, 4 young (4096K), 4 survivors (4096K)
 Metaspace       used 51158K, committed 51392K, reserved 1097728K
  class space    used 6089K, committed 6208K, reserved 1048576K
}
Event: 4.856 GC heap before
{Heap before GC invocations=16 (full 0):
 garbage-first heap   total 83968K, used 40801K [0x0000000083600000, 0x0000000100000000)
  region size 1024K, 5 young (5120K), 4 survivors (4096K)
 Metaspace       used 51169K, committed 51392K, reserved 1097728K
  class space    used 6089K, committed 6208K, reserved 1048576K
}
Event: 4.875 GC heap after
{Heap after GC invocations=17 (full 0):
 garbage-first heap   total 83968K, used 39212K [0x0000000083600000, 0x0000000100000000)
  region size 1024K, 1 young (1024K), 1 survivors (1024K)
 Metaspace       used 51169K, committed 51392K, reserved 1097728K
  class space    used 6089K, committed 6208K, reserved 1048576K
}
Event: 5.913 GC heap before
{Heap before GC invocations=17 (full 0):
 garbage-first heap   total 83968K, used 61740K [0x0000000083600000, 0x0000000100000000)
  region size 1024K, 24 young (24576K), 1 survivors (1024K)
 Metaspace       used 51615K, committed 51840K, reserved 1097728K
  class space    used 6120K, committed 6208K, reserved 1048576K
}
Event: 5.931 GC heap after
{Heap after GC invocations=18 (full 0):
 garbage-first heap   total 83968K, used 43832K [0x0000000083600000, 0x0000000100000000)
  region size 1024K, 3 young (3072K), 3 survivors (3072K)
 Metaspace       used 51615K, committed 51840K, reserved 1097728K
  class space    used 6120K, committed 6208K, reserved 1048576K
}
Event: 6.294 GC heap before
{Heap before GC invocations=19 (full 0):
 garbage-first heap   total 83968K, used 64312K [0x0000000083600000, 0x0000000100000000)
  region size 1024K, 23 young (23552K), 3 survivors (3072K)
 Metaspace       used 51932K, committed 52160K, reserved 1097728K
  class space    used 6144K, committed 6272K, reserved 1048576K
}
Event: 6.313 GC heap after
{Heap after GC invocations=20 (full 0):
 garbage-first heap   total 83968K, used 46593K [0x0000000083600000, 0x0000000100000000)
  region size 1024K, 3 young (3072K), 3 survivors (3072K)
 Metaspace       used 51932K, committed 52160K, reserved 1097728K
  class space    used 6144K, committed 6272K, reserved 1048576K
}
Event: 6.320 GC heap before
{Heap before GC invocations=20 (full 0):
 garbage-first heap   total 83968K, used 47617K [0x0000000083600000, 0x0000000100000000)
  region size 1024K, 4 young (4096K), 3 survivors (3072K)
 Metaspace       used 51932K, committed 52160K, reserved 1097728K
  class space    used 6144K, committed 6272K, reserved 1048576K
}
Event: 6.331 GC heap after
{Heap after GC invocations=21 (full 0):
 garbage-first heap   total 83968K, used 46148K [0x0000000083600000, 0x0000000100000000)
  region size 1024K, 1 young (1024K), 1 survivors (1024K)
 Metaspace       used 51932K, committed 52160K, reserved 1097728K
  class space    used 6144K, committed 6272K, reserved 1048576K
}
Event: 6.602 GC heap before
{Heap before GC invocations=21 (full 0):
 garbage-first heap   total 83968K, used 65604K [0x0000000083600000, 0x0000000100000000)
  region size 1024K, 20 young (20480K), 1 survivors (1024K)
 Metaspace       used 51936K, committed 52160K, reserved 1097728K
  class space    used 6144K, committed 6272K, reserved 1048576K
}

