# JRE version: OpenJDK Runtime Environment (17.0.6) (build 17.0.6+0-b2043.56-10027231)
# Java VM: OpenJDK 64-Bit Server VM (17.0.6+0-b2043.56-10027231, mixed mode, tiered, compressed oops, compressed class ptrs, g1 gc, windows-amd64)
GC Precious Log:
 CPUs: 8 total, 8 available
 Memory: 7971M
 Large Page Support: Disabled
 NUMA Support: Disabled
 Compressed Oops: Enabled (32-bit)
 Heap Region Size: 1M
 Heap Min Capacity: 8M
 Heap Initial Capacity: 126M
 Heap Max Capacity: 2G
 Pre-touch: Disabled
 Parallel Workers: 8
 Concurrent Workers: 2
 Concurrent Refinement Workers: 8
 Periodic GC: Disabled
Heap:
 garbage-first heap   total 428032K, used 173005K [0x0000000080000000, 0x0000000100000000)
  region size 1024K, 2 young (2048K), 2 survivors (2048K)
 Metaspace       used 151869K, committed 153600K, reserved 1187840K
  class space    used 20518K, committed 21312K, reserved 1048576K
GC Heap History (20 events):
Event: 598.322 GC heap after
{Heap after GC invocations=48 (full 0):
 garbage-first heap   total 428032K, used 151089K [0x0000000080000000, 0x0000000100000000)
  region size 1024K, 3 young (3072K), 3 survivors (3072K)
 Metaspace       used 146395K, committed 147648K, reserved 1179648K
  class space    used 19936K, committed 20480K, reserved 1048576K
}
Event: 598.496 GC heap before
{Heap before GC invocations=48 (full 0):
 garbage-first heap   total 428032K, used 176689K [0x0000000080000000, 0x0000000100000000)
  region size 1024K, 29 young (29696K), 3 survivors (3072K)
 Metaspace       used 146497K, committed 147776K, reserved 1179648K
  class space    used 19946K, committed 20544K, reserved 1048576K
}
Event: 598.504 GC heap after
{Heap after GC invocations=49 (full 0):
 garbage-first heap   total 428032K, used 153522K [0x0000000080000000, 0x0000000100000000)
  region size 1024K, 6 young (6144K), 6 survivors (6144K)
 Metaspace       used 146497K, committed 147776K, reserved 1179648K
  class space    used 19946K, committed 20544K, reserved 1048576K
}
Event: 747.197 GC heap before
{Heap before GC invocations=50 (full 0):
 garbage-first heap   total 428032K, used 363442K [0x0000000080000000, 0x0000000100000000)
  region size 1024K, 184 young (188416K), 6 survivors (6144K)
 Metaspace       used 146951K, committed 148224K, reserved 1179648K
  class space    used 19941K, committed 20544K, reserved 1048576K
}
Event: 747.236 GC heap after
{Heap after GC invocations=51 (full 0):
 garbage-first heap   total 428032K, used 157352K [0x0000000080000000, 0x0000000100000000)
  region size 1024K, 10 young (10240K), 10 survivors (10240K)
 Metaspace       used 146951K, committed 148224K, reserved 1179648K
  class space    used 19941K, committed 20544K, reserved 1048576K
}
Event: 747.367 GC heap before
{Heap before GC invocations=51 (full 0):
 garbage-first heap   total 428032K, used 166568K [0x0000000080000000, 0x0000000100000000)
  region size 1024K, 20 young (20480K), 10 survivors (10240K)
 Metaspace       used 146963K, committed 148224K, reserved 1179648K
  class space    used 19941K, committed 20544K, reserved 1048576K
}
Event: 747.414 GC heap after
{Heap after GC invocations=52 (full 0):
 garbage-first heap   total 428032K, used 155366K [0x0000000080000000, 0x0000000100000000)
  region size 1024K, 3 young (3072K), 3 survivors (3072K)
 Metaspace       used 146963K, committed 148224K, reserved 1179648K
  class space    used 19941K, committed 20544K, reserved 1048576K
}
Event: 850.993 GC heap before
{Heap before GC invocations=52 (full 0):
 garbage-first heap   total 428032K, used 341734K [0x0000000080000000, 0x0000000100000000)
  region size 1024K, 186 young (190464K), 3 survivors (3072K)
 Metaspace       used 147456K, committed 148736K, reserved 1179648K
  class space    used 19975K, committed 20544K, reserved 1048576K
}
Event: 851.034 GC heap after
{Heap after GC invocations=53 (full 0):
 garbage-first heap   total 428032K, used 173086K [0x0000000080000000, 0x0000000100000000)
  region size 1024K, 20 young (20480K), 20 survivors (20480K)
 Metaspace       used 147456K, committed 148736K, reserved 1179648K
  class space    used 19975K, committed 20544K, reserved 1048576K
}
Event: 884.728 GC heap before
{Heap before GC invocations=54 (full 0):
 garbage-first heap   total 428032K, used 339998K [0x0000000080000000, 0x0000000100000000)
  region size 1024K, 184 young (188416K), 20 survivors (20480K)
 Metaspace       used 148049K, committed 149568K, reserved 1179648K
  class space    used 20075K, committed 20736K, reserved 1048576K
}
Event: 884.787 GC heap after
{Heap after GC invocations=55 (full 0):
 garbage-first heap   total 428032K, used 188579K [0x0000000080000000, 0x0000000100000000)
  region size 1024K, 17 young (17408K), 17 survivors (17408K)
 Metaspace       used 148049K, committed 149568K, reserved 1179648K
  class space    used 20075K, committed 20736K, reserved 1048576K
}
Event: 884.813 GC heap before
{Heap before GC invocations=55 (full 0):
 garbage-first heap   total 428032K, used 191651K [0x0000000080000000, 0x0000000100000000)
  region size 1024K, 20 young (20480K), 17 survivors (17408K)
 Metaspace       used 148069K, committed 149568K, reserved 1179648K
  class space    used 20081K, committed 20736K, reserved 1048576K
}
Event: 884.849 GC heap after
{Heap after GC invocations=56 (full 0):
 garbage-first heap   total 428032K, used 180717K [0x0000000080000000, 0x0000000100000000)
  region size 1024K, 3 young (3072K), 3 survivors (3072K)
 Metaspace       used 148069K, committed 149568K, reserved 1179648K
  class space    used 20081K, committed 20736K, reserved 1048576K
}
Event: 940.760 GC heap before
{Heap before GC invocations=56 (full 0):
 garbage-first heap   total 428032K, used 340461K [0x0000000080000000, 0x0000000100000000)
  region size 1024K, 160 young (163840K), 3 survivors (3072K)
 Metaspace       used 148944K, committed 150656K, reserved 1179648K
  class space    used 20234K, committed 21056K, reserved 1048576K
}
Event: 940.801 GC heap after
{Heap after GC invocations=57 (full 0):
 garbage-first heap   total 428032K, used 193855K [0x0000000080000000, 0x0000000100000000)
  region size 1024K, 16 young (16384K), 16 survivors (16384K)
 Metaspace       used 148944K, committed 150656K, reserved 1179648K
  class space    used 20234K, committed 21056K, reserved 1048576K
}
Event: 942.706 GC heap before
{Heap before GC invocations=58 (full 0):
 garbage-first heap   total 428032K, used 333119K [0x0000000080000000, 0x0000000100000000)
  region size 1024K, 162 young (165888K), 16 survivors (16384K)
 Metaspace       used 151628K, committed 153408K, reserved 1187840K
  class space    used 20487K, committed 21312K, reserved 1048576K
}
Event: 942.732 GC heap after
{Heap after GC invocations=59 (full 0):
 garbage-first heap   total 428032K, used 192440K [0x0000000080000000, 0x0000000100000000)
  region size 1024K, 8 young (8192K), 8 survivors (8192K)
 Metaspace       used 151628K, committed 153408K, reserved 1187840K
  class space    used 20487K, committed 21312K, reserved 1048576K
}
Event: 942.831 GC heap before
{Heap before GC invocations=59 (full 0):
 garbage-first heap   total 428032K, used 203704K [0x0000000080000000, 0x0000000100000000)
  region size 1024K, 20 young (20480K), 8 survivors (8192K)
 Metaspace       used 151751K, committed 153536K, reserved 1187840K
  class space    used 20504K, committed 21312K, reserved 1048576K
}
Event: 942.849 GC heap after
{Heap after GC invocations=60 (full 0):
 garbage-first heap   total 428032K, used 173063K [0x0000000080000000, 0x0000000100000000)
  region size 1024K, 2 young (2048K), 2 survivors (2048K)
 Metaspace       used 151751K, committed 153536K, reserved 1187840K
  class space    used 20504K, committed 21312K, reserved 1048576K
}
Event: 942.936 GC heap before
{Heap before GC invocations=60 (full 0):
 garbage-first heap   total 428032K, used 179207K [0x0000000080000000, 0x0000000100000000)
  region size 1024K, 9 young (9216K), 2 survivors (2048K)
 Metaspace       used 151869K, committed 153600K, reserved 1187840K
  class space    used 20518K, committed 21312K, reserved 1048576K
}

