# JRE version: OpenJDK Runtime Environment (17.0.6) (build 17.0.6+0-b2043.56-10027231)
# Java VM: OpenJDK 64-Bit Server VM (17.0.6+0-b2043.56-10027231, mixed mode, tiered, compressed oops, compressed class ptrs, g1 gc, windows-amd64)
GC Precious Log:
 CPUs: 8 total, 8 available
 Memory: 7971M
 Large Page Support: Disabled
 NUMA Support: Disabled
 Compressed Oops: Enabled (32-bit)
 Heap Region Size: 1M
 Heap Min Capacity: 8M
 Heap Initial Capacity: 126M
 Heap Max Capacity: 2G
 Pre-touch: Disabled
 Parallel Workers: 8
 Concurrent Workers: 2
 Concurrent Refinement Workers: 8
 Periodic GC: Disabled
Heap:
 garbage-first heap   total 436224K, used 158292K [0x0000000080000000, 0x0000000100000000)
  region size 1024K, 3 young (3072K), 3 survivors (3072K)
 Metaspace       used 152492K, committed 153920K, reserved 1187840K
  class space    used 20000K, committed 20672K, reserved 1048576K
GC Heap History (20 events):
Event: 13398.447 GC heap after
{Heap after GC invocations=108 (full 1):
 garbage-first heap   total 436224K, used 142516K [0x0000000080000000, 0x0000000100000000)
  region size 1024K, 2 young (2048K), 2 survivors (2048K)
 Metaspace       used 150755K, committed 152128K, reserved 1187840K
  class space    used 19902K, committed 20544K, reserved 1048576K
}
Event: 13401.110 GC heap before
{Heap before GC invocations=108 (full 1):
 garbage-first heap   total 436224K, used 328884K [0x0000000080000000, 0x0000000100000000)
  region size 1024K, 185 young (189440K), 2 survivors (2048K)
 Metaspace       used 150930K, committed 152320K, reserved 1187840K
  class space    used 19909K, committed 20544K, reserved 1048576K
}
Event: 13401.118 GC heap after
{Heap after GC invocations=109 (full 1):
 garbage-first heap   total 436224K, used 148262K [0x0000000080000000, 0x0000000100000000)
  region size 1024K, 8 young (8192K), 8 survivors (8192K)
 Metaspace       used 150930K, committed 152320K, reserved 1187840K
  class space    used 19909K, committed 20544K, reserved 1048576K
}
Event: 13600.337 GC heap before
{Heap before GC invocations=110 (full 1):
 garbage-first heap   total 436224K, used 339750K [0x0000000080000000, 0x0000000100000000)
  region size 1024K, 193 young (197632K), 8 survivors (8192K)
 Metaspace       used 151402K, committed 152832K, reserved 1187840K
  class space    used 19948K, committed 20608K, reserved 1048576K
}
Event: 13600.377 GC heap after
{Heap after GC invocations=111 (full 1):
 garbage-first heap   total 436224K, used 172580K [0x0000000080000000, 0x0000000100000000)
  region size 1024K, 25 young (25600K), 25 survivors (25600K)
 Metaspace       used 151402K, committed 152832K, reserved 1187840K
  class space    used 19948K, committed 20608K, reserved 1048576K
}
Event: 13600.410 GC heap before
{Heap before GC invocations=111 (full 1):
 garbage-first heap   total 436224K, used 173604K [0x0000000080000000, 0x0000000100000000)
  region size 1024K, 26 young (26624K), 25 survivors (25600K)
 Metaspace       used 151403K, committed 152832K, reserved 1187840K
  class space    used 19948K, committed 20608K, reserved 1048576K
}
Event: 13600.433 GC heap after
{Heap after GC invocations=112 (full 1):
 garbage-first heap   total 436224K, used 169621K [0x0000000080000000, 0x0000000100000000)
  region size 1024K, 3 young (3072K), 3 survivors (3072K)
 Metaspace       used 151403K, committed 152832K, reserved 1187840K
  class space    used 19948K, committed 20608K, reserved 1048576K
}
Event: 13600.498 GC heap before
{Heap before GC invocations=112 (full 1):
 garbage-first heap   total 436224K, used 178837K [0x0000000080000000, 0x0000000100000000)
  region size 1024K, 14 young (14336K), 3 survivors (3072K)
 Metaspace       used 151403K, committed 152832K, reserved 1187840K
  class space    used 19948K, committed 20608K, reserved 1048576K
}
Event: 13600.506 GC heap after
{Heap after GC invocations=113 (full 1):
 garbage-first heap   total 436224K, used 175896K [0x0000000080000000, 0x0000000100000000)
  region size 1024K, 10 young (10240K), 10 survivors (10240K)
 Metaspace       used 151403K, committed 152832K, reserved 1187840K
  class space    used 19948K, committed 20608K, reserved 1048576K
}
Event: 13601.873 GC heap before
{Heap before GC invocations=114 (full 1):
 garbage-first heap   total 436224K, used 345880K [0x0000000080000000, 0x0000000100000000)
  region size 1024K, 159 young (162816K), 10 survivors (10240K)
 Metaspace       used 151457K, committed 152832K, reserved 1187840K
  class space    used 19951K, committed 20608K, reserved 1048576K
}
Event: 13601.881 GC heap after
{Heap after GC invocations=115 (full 1):
 garbage-first heap   total 436224K, used 172237K [0x0000000080000000, 0x0000000100000000)
  region size 1024K, 13 young (13312K), 13 survivors (13312K)
 Metaspace       used 151457K, committed 152832K, reserved 1187840K
  class space    used 19951K, committed 20608K, reserved 1048576K
}
Event: 13601.888 GC heap before
{Heap before GC invocations=115 (full 1):
 garbage-first heap   total 436224K, used 180429K [0x0000000080000000, 0x0000000100000000)
  region size 1024K, 21 young (21504K), 13 survivors (13312K)
 Metaspace       used 151457K, committed 152832K, reserved 1187840K
  class space    used 19951K, committed 20608K, reserved 1048576K
}
Event: 13601.896 GC heap after
{Heap after GC invocations=116 (full 1):
 garbage-first heap   total 436224K, used 160705K [0x0000000080000000, 0x0000000100000000)
  region size 1024K, 2 young (2048K), 2 survivors (2048K)
 Metaspace       used 151457K, committed 152832K, reserved 1187840K
  class space    used 19951K, committed 20608K, reserved 1048576K
}
Event: 13692.150 GC heap before
{Heap before GC invocations=116 (full 1):
 garbage-first heap   total 436224K, used 321473K [0x0000000080000000, 0x0000000100000000)
  region size 1024K, 161 young (164864K), 2 survivors (2048K)
 Metaspace       used 151764K, committed 153216K, reserved 1187840K
  class space    used 19974K, committed 20608K, reserved 1048576K
}
Event: 13692.204 GC heap after
{Heap after GC invocations=117 (full 1):
 garbage-first heap   total 436224K, used 172754K [0x0000000080000000, 0x0000000100000000)
  region size 1024K, 14 young (14336K), 14 survivors (14336K)
 Metaspace       used 151764K, committed 153216K, reserved 1187840K
  class space    used 19974K, committed 20608K, reserved 1048576K
}
Event: 13693.391 GC heap before
{Heap before GC invocations=118 (full 1):
 garbage-first heap   total 436224K, used 335652K [0x0000000080000000, 0x0000000100000000)
  region size 1024K, 175 young (179200K), 14 survivors (14336K)
 Metaspace       used 152400K, committed 153856K, reserved 1187840K
  class space    used 19993K, committed 20672K, reserved 1048576K
}
Event: 13693.424 GC heap after
{Heap after GC invocations=119 (full 1):
 garbage-first heap   total 436224K, used 179412K [0x0000000080000000, 0x0000000100000000)
  region size 1024K, 12 young (12288K), 12 survivors (12288K)
 Metaspace       used 152400K, committed 153856K, reserved 1187840K
  class space    used 19993K, committed 20672K, reserved 1048576K
}
Event: 13693.452 GC heap before
{Heap before GC invocations=119 (full 1):
 garbage-first heap   total 436224K, used 190676K [0x0000000080000000, 0x0000000100000000)
  region size 1024K, 21 young (21504K), 12 survivors (12288K)
 Metaspace       used 152430K, committed 153920K, reserved 1187840K
  class space    used 19993K, committed 20672K, reserved 1048576K
}
Event: 13693.468 GC heap after
{Heap after GC invocations=120 (full 1):
 garbage-first heap   total 436224K, used 160465K [0x0000000080000000, 0x0000000100000000)
  region size 1024K, 2 young (2048K), 2 survivors (2048K)
 Metaspace       used 152430K, committed 153920K, reserved 1187840K
  class space    used 19993K, committed 20672K, reserved 1048576K
}
Event: 13693.821 GC heap before
{Heap before GC invocations=120 (full 1):
 garbage-first heap   total 436224K, used 202449K [0x0000000080000000, 0x0000000100000000)
  region size 1024K, 45 young (46080K), 2 survivors (2048K)
 Metaspace       used 152492K, committed 153920K, reserved 1187840K
  class space    used 20000K, committed 20672K, reserved 1048576K
}

