# JRE version: OpenJDK Runtime Environment (17.0.6) (build 17.0.6+0-b2043.56-10027231)
# Java VM: OpenJDK 64-Bit Server VM (17.0.6+0-b2043.56-10027231, mixed mode, tiered, compressed oops, compressed class ptrs, g1 gc, windows-amd64)
GC Precious Log:
 CPUs: 8 total, 8 available
 Memory: 7971M
 Large Page Support: Disabled
 NUMA Support: Disabled
 Compressed Oops: Enabled (32-bit)
 Heap Region Size: 1M
 Heap Min Capacity: 8M
 Heap Initial Capacity: 126M
 Heap Max Capacity: 2G
 Pre-touch: Disabled
 Parallel Workers: 8
 Concurrent Workers: 2
 Concurrent Refinement Workers: 8
 Periodic GC: Disabled
Heap:
 garbage-first heap   total 387072K, used 331872K [0x0000000080000000, 0x0000000100000000)
  region size 1024K, 3 young (3072K), 3 survivors (3072K)
 Metaspace       used 204620K, committed 207168K, reserved 1228800K
  class space    used 26871K, committed 28096K, reserved 1048576K
GC Heap History (20 events):
Event: 5926.125 GC heap after
{Heap after GC invocations=107 (full 1):
 garbage-first heap   total 380928K, used 293653K [0x0000000080000000, 0x0000000100000000)
  region size 1024K, 4 young (4096K), 4 survivors (4096K)
 Metaspace       used 197145K, committed 199552K, reserved 1228800K
  class space    used 25936K, committed 27136K, reserved 1048576K
}
Event: 5926.473 GC heap before
{Heap before GC invocations=107 (full 1):
 garbage-first heap   total 380928K, used 323349K [0x0000000080000000, 0x0000000100000000)
  region size 1024K, 34 young (34816K), 4 survivors (4096K)
 Metaspace       used 199508K, committed 201856K, reserved 1228800K
  class space    used 26206K, committed 27328K, reserved 1048576K
}
Event: 5926.479 GC heap after
{Heap after GC invocations=108 (full 1):
 garbage-first heap   total 380928K, used 296996K [0x0000000080000000, 0x0000000100000000)
  region size 1024K, 4 young (4096K), 4 survivors (4096K)
 Metaspace       used 199508K, committed 201856K, reserved 1228800K
  class space    used 26206K, committed 27328K, reserved 1048576K
}
Event: 5926.679 GC heap before
{Heap before GC invocations=108 (full 1):
 garbage-first heap   total 380928K, used 324644K [0x0000000080000000, 0x0000000100000000)
  region size 1024K, 32 young (32768K), 4 survivors (4096K)
 Metaspace       used 199853K, committed 202176K, reserved 1228800K
  class space    used 26260K, committed 27392K, reserved 1048576K
}
Event: 5926.686 GC heap after
{Heap after GC invocations=109 (full 1):
 garbage-first heap   total 380928K, used 300184K [0x0000000080000000, 0x0000000100000000)
  region size 1024K, 4 young (4096K), 4 survivors (4096K)
 Metaspace       used 199853K, committed 202176K, reserved 1228800K
  class space    used 26260K, committed 27392K, reserved 1048576K
}
Event: 5926.910 GC heap before
{Heap before GC invocations=109 (full 1):
 garbage-first heap   total 380928K, used 327832K [0x0000000080000000, 0x0000000100000000)
  region size 1024K, 31 young (31744K), 4 survivors (4096K)
 Metaspace       used 200810K, committed 203200K, reserved 1228800K
  class space    used 26374K, committed 27520K, reserved 1048576K
}
Event: 5926.917 GC heap after
{Heap after GC invocations=110 (full 1):
 garbage-first heap   total 380928K, used 302345K [0x0000000080000000, 0x0000000100000000)
  region size 1024K, 3 young (3072K), 3 survivors (3072K)
 Metaspace       used 200810K, committed 203200K, reserved 1228800K
  class space    used 26374K, committed 27520K, reserved 1048576K
}
Event: 5927.309 GC heap before
{Heap before GC invocations=110 (full 1):
 garbage-first heap   total 380928K, used 327945K [0x0000000080000000, 0x0000000100000000)
  region size 1024K, 29 young (29696K), 3 survivors (3072K)
 Metaspace       used 202108K, committed 204544K, reserved 1228800K
  class space    used 26542K, committed 27712K, reserved 1048576K
}
Event: 5927.314 GC heap after
{Heap after GC invocations=111 (full 1):
 garbage-first heap   total 380928K, used 304077K [0x0000000080000000, 0x0000000100000000)
  region size 1024K, 4 young (4096K), 4 survivors (4096K)
 Metaspace       used 202108K, committed 204544K, reserved 1228800K
  class space    used 26542K, committed 27712K, reserved 1048576K
}
Event: 5941.668 GC heap before
{Heap before GC invocations=111 (full 1):
 garbage-first heap   total 380928K, used 329677K [0x0000000080000000, 0x0000000100000000)
  region size 1024K, 30 young (30720K), 4 survivors (4096K)
 Metaspace       used 204279K, committed 206784K, reserved 1228800K
  class space    used 26841K, committed 28032K, reserved 1048576K
}
Event: 5941.675 GC heap after
{Heap after GC invocations=112 (full 1):
 garbage-first heap   total 380928K, used 306035K [0x0000000080000000, 0x0000000100000000)
  region size 1024K, 4 young (4096K), 4 survivors (4096K)
 Metaspace       used 204279K, committed 206784K, reserved 1228800K
  class space    used 26841K, committed 28032K, reserved 1048576K
}
Event: 6020.906 GC heap before
{Heap before GC invocations=112 (full 1):
 garbage-first heap   total 380928K, used 331635K [0x0000000080000000, 0x0000000100000000)
  region size 1024K, 29 young (29696K), 4 survivors (4096K)
 Metaspace       used 204345K, committed 206848K, reserved 1228800K
  class space    used 26847K, committed 28032K, reserved 1048576K
}
Event: 6020.917 GC heap after
{Heap after GC invocations=113 (full 1):
 garbage-first heap   total 380928K, used 308484K [0x0000000080000000, 0x0000000100000000)
  region size 1024K, 4 young (4096K), 4 survivors (4096K)
 Metaspace       used 204345K, committed 206848K, reserved 1228800K
  class space    used 26847K, committed 28032K, reserved 1048576K
}
Event: 6021.320 GC heap before
{Heap before GC invocations=113 (full 1):
 garbage-first heap   total 380928K, used 341252K [0x0000000080000000, 0x0000000100000000)
  region size 1024K, 27 young (27648K), 4 survivors (4096K)
 Metaspace       used 204613K, committed 207104K, reserved 1228800K
  class space    used 26871K, committed 28096K, reserved 1048576K
}
Event: 6021.326 GC heap after
{Heap after GC invocations=114 (full 1):
 garbage-first heap   total 380928K, used 321683K [0x0000000080000000, 0x0000000100000000)
  region size 1024K, 3 young (3072K), 3 survivors (3072K)
 Metaspace       used 204613K, committed 207104K, reserved 1228800K
  class space    used 26871K, committed 28096K, reserved 1048576K
}
Event: 6021.355 GC heap before
{Heap before GC invocations=114 (full 1):
 garbage-first heap   total 380928K, used 337043K [0x0000000080000000, 0x0000000100000000)
  region size 1024K, 18 young (18432K), 3 survivors (3072K)
 Metaspace       used 204613K, committed 207104K, reserved 1228800K
  class space    used 26871K, committed 28096K, reserved 1048576K
}
Event: 6021.362 GC heap after
{Heap after GC invocations=115 (full 1):
 garbage-first heap   total 380928K, used 326034K [0x0000000080000000, 0x0000000100000000)
  region size 1024K, 3 young (3072K), 3 survivors (3072K)
 Metaspace       used 204613K, committed 207104K, reserved 1228800K
  class space    used 26871K, committed 28096K, reserved 1048576K
}
Event: 6021.455 GC heap before
{Heap before GC invocations=115 (full 1):
 garbage-first heap   total 380928K, used 340370K [0x0000000080000000, 0x0000000100000000)
  region size 1024K, 18 young (18432K), 3 survivors (3072K)
 Metaspace       used 204615K, committed 207104K, reserved 1228800K
  class space    used 26871K, committed 28096K, reserved 1048576K
}
Event: 6021.465 GC heap after
{Heap after GC invocations=116 (full 1):
 garbage-first heap   total 380928K, used 326741K [0x0000000080000000, 0x0000000100000000)
  region size 1024K, 3 young (3072K), 3 survivors (3072K)
 Metaspace       used 204615K, committed 207104K, reserved 1228800K
  class space    used 26871K, committed 28096K, reserved 1048576K
}
Event: 6021.537 GC heap before
{Heap before GC invocations=116 (full 1):
 garbage-first heap   total 380928K, used 342101K [0x0000000080000000, 0x0000000100000000)
  region size 1024K, 18 young (18432K), 3 survivors (3072K)
 Metaspace       used 204620K, committed 207168K, reserved 1228800K
  class space    used 26871K, committed 28096K, reserved 1048576K
}

