# JRE version: OpenJDK Runtime Environment (17.0.6) (build 17.0.6+0-b2043.56-10027231)
# Java VM: OpenJDK 64-Bit Server VM (17.0.6+0-b2043.56-10027231, mixed mode, tiered, compressed oops, compressed class ptrs, g1 gc, windows-amd64)
GC Precious Log:
 CPUs: 8 total, 8 available
 Memory: 7971M
 Large Page Support: Disabled
 NUMA Support: Disabled
 Compressed Oops: Enabled (32-bit)
 Heap Region Size: 1M
 Heap Min Capacity: 8M
 Heap Initial Capacity: 126M
 Heap Max Capacity: 2G
 Pre-touch: Disabled
 Parallel Workers: 8
 Concurrent Workers: 2
 Concurrent Refinement Workers: 8
 Periodic GC: Disabled
Heap:
 garbage-first heap   total 235520K, used 118133K [0x0000000080000000, 0x0000000100000000)
  region size 1024K, 5 young (5120K), 5 survivors (5120K)
 Metaspace       used 101384K, committed 102144K, reserved 1138688K
  class space    used 13722K, committed 14080K, reserved 1048576K
GC Heap History (20 events):
Event: 8.226 GC heap after
{Heap after GC invocations=29 (full 0):
 garbage-first heap   total 117760K, used 62912K [0x0000000080000000, 0x0000000100000000)
  region size 1024K, 4 young (4096K), 4 survivors (4096K)
 Metaspace       used 71849K, committed 72384K, reserved 1114112K
  class space    used 9554K, committed 9792K, reserved 1048576K
}
Event: 8.240 GC heap before
{Heap before GC invocations=29 (full 0):
 garbage-first heap   total 117760K, used 63936K [0x0000000080000000, 0x0000000100000000)
  region size 1024K, 5 young (5120K), 4 survivors (4096K)
 Metaspace       used 72057K, committed 72640K, reserved 1114112K
  class space    used 9578K, committed 9856K, reserved 1048576K
}
Event: 8.244 GC heap after
{Heap after GC invocations=30 (full 0):
 garbage-first heap   total 117760K, used 62920K [0x0000000080000000, 0x0000000100000000)
  region size 1024K, 1 young (1024K), 1 survivors (1024K)
 Metaspace       used 72057K, committed 72640K, reserved 1114112K
  class space    used 9578K, committed 9856K, reserved 1048576K
}
Event: 8.492 GC heap before
{Heap before GC invocations=30 (full 0):
 garbage-first heap   total 117760K, used 91592K [0x0000000080000000, 0x0000000100000000)
  region size 1024K, 29 young (29696K), 1 survivors (1024K)
 Metaspace       used 75504K, committed 76032K, reserved 1122304K
  class space    used 10040K, committed 10304K, reserved 1048576K
}
Event: 8.495 GC heap after
{Heap after GC invocations=31 (full 0):
 garbage-first heap   total 235520K, used 64714K [0x0000000080000000, 0x0000000100000000)
  region size 1024K, 3 young (3072K), 3 survivors (3072K)
 Metaspace       used 75504K, committed 76032K, reserved 1122304K
  class space    used 10040K, committed 10304K, reserved 1048576K
}
Event: 9.771 GC heap before
{Heap before GC invocations=32 (full 0):
 garbage-first heap   total 229376K, used 172234K [0x0000000080000000, 0x0000000100000000)
  region size 1024K, 108 young (110592K), 3 survivors (3072K)
 Metaspace       used 84121K, committed 84800K, reserved 1130496K
  class space    used 11403K, committed 11712K, reserved 1048576K
}
Event: 9.780 GC heap after
{Heap after GC invocations=33 (full 0):
 garbage-first heap   total 229376K, used 73577K [0x0000000080000000, 0x0000000100000000)
  region size 1024K, 12 young (12288K), 12 survivors (12288K)
 Metaspace       used 84121K, committed 84800K, reserved 1130496K
  class space    used 11403K, committed 11712K, reserved 1048576K
}
Event: 9.787 GC heap before
{Heap before GC invocations=33 (full 0):
 garbage-first heap   total 229376K, used 74601K [0x0000000080000000, 0x0000000100000000)
  region size 1024K, 13 young (13312K), 12 survivors (12288K)
 Metaspace       used 84215K, committed 84864K, reserved 1130496K
  class space    used 11423K, committed 11712K, reserved 1048576K
}
Event: 9.795 GC heap after
{Heap after GC invocations=34 (full 0):
 garbage-first heap   total 229376K, used 74786K [0x0000000080000000, 0x0000000100000000)
  region size 1024K, 2 young (2048K), 2 survivors (2048K)
 Metaspace       used 84215K, committed 84864K, reserved 1130496K
  class space    used 11423K, committed 11712K, reserved 1048576K
}
Event: 10.802 GC heap before
{Heap before GC invocations=34 (full 0):
 garbage-first heap   total 229376K, used 166946K [0x0000000080000000, 0x0000000100000000)
  region size 1024K, 92 young (94208K), 2 survivors (2048K)
 Metaspace       used 90289K, committed 90944K, reserved 1130496K
  class space    used 12319K, committed 12608K, reserved 1048576K
}
Event: 10.811 GC heap after
{Heap after GC invocations=35 (full 0):
 garbage-first heap   total 229376K, used 80748K [0x0000000080000000, 0x0000000100000000)
  region size 1024K, 8 young (8192K), 8 survivors (8192K)
 Metaspace       used 90289K, committed 90944K, reserved 1130496K
  class space    used 12319K, committed 12608K, reserved 1048576K
}
Event: 11.775 GC heap before
{Heap before GC invocations=35 (full 0):
 garbage-first heap   total 229376K, used 172908K [0x0000000080000000, 0x0000000100000000)
  region size 1024K, 98 young (100352K), 8 survivors (8192K)
 Metaspace       used 95998K, committed 96704K, reserved 1138688K
  class space    used 13102K, committed 13440K, reserved 1048576K
}
Event: 11.789 GC heap after
{Heap after GC invocations=36 (full 0):
 garbage-first heap   total 229376K, used 91893K [0x0000000080000000, 0x0000000100000000)
  region size 1024K, 11 young (11264K), 11 survivors (11264K)
 Metaspace       used 95998K, committed 96704K, reserved 1138688K
  class space    used 13102K, committed 13440K, reserved 1048576K
}
Event: 12.763 GC heap before
{Heap before GC invocations=36 (full 0):
 garbage-first heap   total 229376K, used 176885K [0x0000000080000000, 0x0000000100000000)
  region size 1024K, 94 young (96256K), 11 survivors (11264K)
 Metaspace       used 99886K, committed 100608K, reserved 1138688K
  class space    used 13591K, committed 13888K, reserved 1048576K
}
Event: 12.781 GC heap after
{Heap after GC invocations=37 (full 0):
 garbage-first heap   total 229376K, used 104395K [0x0000000080000000, 0x0000000100000000)
  region size 1024K, 12 young (12288K), 12 survivors (12288K)
 Metaspace       used 99886K, committed 100608K, reserved 1138688K
  class space    used 13591K, committed 13888K, reserved 1048576K
}
Event: 13.276 GC heap before
{Heap before GC invocations=37 (full 0):
 garbage-first heap   total 229376K, used 178123K [0x0000000080000000, 0x0000000100000000)
  region size 1024K, 85 young (87040K), 12 survivors (12288K)
 Metaspace       used 100502K, committed 101248K, reserved 1138688K
  class space    used 13649K, committed 13952K, reserved 1048576K
}
Event: 13.290 GC heap after
{Heap after GC invocations=38 (full 0):
 garbage-first heap   total 229376K, used 109607K [0x0000000080000000, 0x0000000100000000)
  region size 1024K, 7 young (7168K), 7 survivors (7168K)
 Metaspace       used 100502K, committed 101248K, reserved 1138688K
  class space    used 13649K, committed 13952K, reserved 1048576K
}
Event: 13.746 GC heap before
{Heap before GC invocations=38 (full 0):
 garbage-first heap   total 229376K, used 181287K [0x0000000080000000, 0x0000000100000000)
  region size 1024K, 78 young (79872K), 7 survivors (7168K)
 Metaspace       used 100869K, committed 101632K, reserved 1138688K
  class space    used 13668K, committed 14016K, reserved 1048576K
}
Event: 13.755 GC heap after
{Heap after GC invocations=39 (full 0):
 garbage-first heap   total 229376K, used 114681K [0x0000000080000000, 0x0000000100000000)
  region size 1024K, 7 young (7168K), 7 survivors (7168K)
 Metaspace       used 100869K, committed 101632K, reserved 1138688K
  class space    used 13668K, committed 14016K, reserved 1048576K
}
Event: 14.143 GC heap before
{Heap before GC invocations=39 (full 0):
 garbage-first heap   total 229376K, used 183289K [0x0000000080000000, 0x0000000100000000)
  region size 1024K, 75 young (76800K), 7 survivors (7168K)
 Metaspace       used 101384K, committed 102144K, reserved 1138688K
  class space    used 13722K, committed 14080K, reserved 1048576K
}

