# JRE version: OpenJDK Runtime Environment (17.0.6) (build 17.0.6+0-b2043.56-10027231)
# Java VM: OpenJDK 64-Bit Server VM (17.0.6+0-b2043.56-10027231, mixed mode, tiered, compressed oops, compressed class ptrs, g1 gc, windows-amd64)
GC Precious Log:
 CPUs: 8 total, 8 available
 Memory: 7971M
 Large Page Support: Disabled
 NUMA Support: Disabled
 Compressed Oops: Enabled (32-bit)
 Heap Region Size: 1M
 Heap Min Capacity: 8M
 Heap Initial Capacity: 126M
 Heap Max Capacity: 2G
 Pre-touch: Disabled
 Parallel Workers: 8
 Concurrent Workers: 2
 Concurrent Refinement Workers: 8
 Periodic GC: Disabled
Heap:
 garbage-first heap   total 388096K, used 221238K [0x0000000080000000, 0x0000000100000000)
  region size 1024K, 2 young (2048K), 2 survivors (2048K)
 Metaspace       used 156717K, committed 157760K, reserved 1187840K
  class space    used 20095K, committed 20608K, reserved 1048576K
GC Heap History (20 events):
Event: 190.731 GC heap after
{Heap after GC invocations=50 (full 0):
 garbage-first heap   total 376832K, used 193065K [0x0000000080000000, 0x0000000100000000)
  region size 1024K, 3 young (3072K), 3 survivors (3072K)
 Metaspace       used 124437K, committed 125376K, reserved 1163264K
  class space    used 15996K, committed 16448K, reserved 1048576K
}
Event: 191.434 GC heap before
{Heap before GC invocations=50 (full 0):
 garbage-first heap   total 376832K, used 253481K [0x0000000080000000, 0x0000000100000000)
  region size 1024K, 64 young (65536K), 3 survivors (3072K)
 Metaspace       used 124578K, committed 125504K, reserved 1163264K
  class space    used 15996K, committed 16448K, reserved 1048576K
}
Event: 191.440 GC heap after
{Heap after GC invocations=51 (full 0):
 garbage-first heap   total 376832K, used 198987K [0x0000000080000000, 0x0000000100000000)
  region size 1024K, 9 young (9216K), 9 survivors (9216K)
 Metaspace       used 124578K, committed 125504K, reserved 1163264K
  class space    used 15996K, committed 16448K, reserved 1048576K
}
Event: 197.078 GC heap before
{Heap before GC invocations=52 (full 0):
 garbage-first heap   total 388096K, used 300486K [0x0000000080000000, 0x0000000100000000)
  region size 1024K, 114 young (116736K), 9 survivors (9216K)
 Metaspace       used 125032K, committed 125952K, reserved 1163264K
  class space    used 15996K, committed 16448K, reserved 1048576K
}
Event: 197.086 GC heap after
{Heap after GC invocations=53 (full 0):
 garbage-first heap   total 388096K, used 187309K [0x0000000080000000, 0x0000000100000000)
  region size 1024K, 3 young (3072K), 3 survivors (3072K)
 Metaspace       used 125032K, committed 125952K, reserved 1163264K
  class space    used 15996K, committed 16448K, reserved 1048576K
}
Event: 197.184 GC heap before
{Heap before GC invocations=53 (full 0):
 garbage-first heap   total 388096K, used 202669K [0x0000000080000000, 0x0000000100000000)
  region size 1024K, 18 young (18432K), 3 survivors (3072K)
 Metaspace       used 125101K, committed 126016K, reserved 1163264K
  class space    used 16003K, committed 16448K, reserved 1048576K
}
Event: 197.190 GC heap after
{Heap after GC invocations=54 (full 0):
 garbage-first heap   total 388096K, used 174228K [0x0000000080000000, 0x0000000100000000)
  region size 1024K, 3 young (3072K), 3 survivors (3072K)
 Metaspace       used 125101K, committed 126016K, reserved 1163264K
  class space    used 16003K, committed 16448K, reserved 1048576K
}
Event: 197.759 GC heap before
{Heap before GC invocations=54 (full 0):
 garbage-first heap   total 388096K, used 240788K [0x0000000080000000, 0x0000000100000000)
  region size 1024K, 69 young (70656K), 3 survivors (3072K)
 Metaspace       used 125679K, committed 126656K, reserved 1163264K
  class space    used 16088K, committed 16512K, reserved 1048576K
}
Event: 197.767 GC heap after
{Heap after GC invocations=55 (full 0):
 garbage-first heap   total 388096K, used 181439K [0x0000000080000000, 0x0000000100000000)
  region size 1024K, 10 young (10240K), 10 survivors (10240K)
 Metaspace       used 125679K, committed 126656K, reserved 1163264K
  class space    used 16088K, committed 16512K, reserved 1048576K
}
Event: 198.741 GC heap before
{Heap before GC invocations=56 (full 0):
 garbage-first heap   total 388096K, used 313535K [0x0000000080000000, 0x0000000100000000)
  region size 1024K, 138 young (141312K), 10 survivors (10240K)
 Metaspace       used 129717K, committed 130624K, reserved 1163264K
  class space    used 16472K, committed 16896K, reserved 1048576K
}
Event: 198.765 GC heap after
{Heap after GC invocations=57 (full 0):
 garbage-first heap   total 388096K, used 193206K [0x0000000080000000, 0x0000000100000000)
  region size 1024K, 18 young (18432K), 18 survivors (18432K)
 Metaspace       used 129717K, committed 130624K, reserved 1163264K
  class space    used 16472K, committed 16896K, reserved 1048576K
}
Event: 198.788 GC heap before
{Heap before GC invocations=57 (full 0):
 garbage-first heap   total 388096K, used 193206K [0x0000000080000000, 0x0000000100000000)
  region size 1024K, 19 young (19456K), 18 survivors (18432K)
 Metaspace       used 129835K, committed 130816K, reserved 1163264K
  class space    used 16491K, committed 16960K, reserved 1048576K
}
Event: 198.810 GC heap after
{Heap after GC invocations=58 (full 0):
 garbage-first heap   total 388096K, used 191631K [0x0000000080000000, 0x0000000100000000)
  region size 1024K, 3 young (3072K), 3 survivors (3072K)
 Metaspace       used 129835K, committed 130816K, reserved 1163264K
  class space    used 16491K, committed 16960K, reserved 1048576K
}
Event: 200.111 GC heap before
{Heap before GC invocations=58 (full 0):
 garbage-first heap   total 388096K, used 286863K [0x0000000080000000, 0x0000000100000000)
  region size 1024K, 97 young (99328K), 3 survivors (3072K)
 Metaspace       used 143997K, committed 145024K, reserved 1179648K
  class space    used 18146K, committed 18624K, reserved 1048576K
}
Event: 200.117 GC heap after
{Heap after GC invocations=59 (full 0):
 garbage-first heap   total 388096K, used 192896K [0x0000000080000000, 0x0000000100000000)
  region size 1024K, 4 young (4096K), 4 survivors (4096K)
 Metaspace       used 143997K, committed 145024K, reserved 1179648K
  class space    used 18146K, committed 18624K, reserved 1048576K
}
Event: 202.159 GC heap before
{Heap before GC invocations=60 (full 0):
 garbage-first heap   total 388096K, used 342400K [0x0000000080000000, 0x0000000100000000)
  region size 1024K, 127 young (130048K), 4 survivors (4096K)
 Metaspace       used 155504K, committed 156544K, reserved 1187840K
  class space    used 19927K, committed 20416K, reserved 1048576K
}
Event: 202.179 GC heap after
{Heap after GC invocations=61 (full 0):
 garbage-first heap   total 388096K, used 223517K [0x0000000080000000, 0x0000000100000000)
  region size 1024K, 16 young (16384K), 16 survivors (16384K)
 Metaspace       used 155504K, committed 156544K, reserved 1187840K
  class space    used 19927K, committed 20416K, reserved 1048576K
}
Event: 202.197 GC heap before
{Heap before GC invocations=61 (full 0):
 garbage-first heap   total 388096K, used 225565K [0x0000000080000000, 0x0000000100000000)
  region size 1024K, 18 young (18432K), 16 survivors (16384K)
 Metaspace       used 155506K, committed 156544K, reserved 1187840K
  class space    used 19927K, committed 20416K, reserved 1048576K
}
Event: 202.217 GC heap after
{Heap after GC invocations=62 (full 0):
 garbage-first heap   total 388096K, used 220561K [0x0000000080000000, 0x0000000100000000)
  region size 1024K, 2 young (2048K), 2 survivors (2048K)
 Metaspace       used 155506K, committed 156544K, reserved 1187840K
  class space    used 19927K, committed 20416K, reserved 1048576K
}
Event: 202.481 GC heap before
{Heap before GC invocations=62 (full 0):
 garbage-first heap   total 388096K, used 244113K [0x0000000080000000, 0x0000000100000000)
  region size 1024K, 27 young (27648K), 2 survivors (2048K)
 Metaspace       used 156717K, committed 157760K, reserved 1187840K
  class space    used 20095K, committed 20608K, reserved 1048576K
}

