# JRE version: OpenJDK Runtime Environment (17.0.6) (build 17.0.6+0-b2043.56-10027231)
# Java VM: OpenJDK 64-Bit Server VM (17.0.6+0-b2043.56-10027231, mixed mode, tiered, compressed oops, compressed class ptrs, g1 gc, windows-amd64)
GC Precious Log:
 CPUs: 8 total, 8 available
 Memory: 7971M
 Large Page Support: Disabled
 NUMA Support: Disabled
 Compressed Oops: Enabled (32-bit)
 Heap Region Size: 1M
 Heap Min Capacity: 8M
 Heap Initial Capacity: 126M
 Heap Max Capacity: 2G
 Pre-touch: Disabled
 Parallel Workers: 8
 Concurrent Workers: 2
 Concurrent Refinement Workers: 8
 Periodic GC: Disabled
Heap:
 garbage-first heap   total 82944K, used 50006K [0x0000000080000000, 0x0000000100000000)
  region size 1024K, 20 young (20480K), 4 survivors (4096K)
 Metaspace       used 53178K, committed 53568K, reserved 1097728K
  class space    used 7122K, committed 7296K, reserved 1048576K
GC Heap History (20 events):
Event: 1.802 GC heap before
{Heap before GC invocations=2 (full 0):
 garbage-first heap   total 129024K, used 52734K [0x0000000080000000, 0x0000000100000000)
  region size 1024K, 42 young (43008K), 4 survivors (4096K)
 Metaspace       used 21311K, committed 21504K, reserved 1073152K
  class space    used 2598K, committed 2688K, reserved 1048576K
}
Event: 1.809 GC heap after
{Heap after GC invocations=3 (full 0):
 garbage-first heap   total 129024K, used 18827K [0x0000000080000000, 0x0000000100000000)
  region size 1024K, 8 young (8192K), 8 survivors (8192K)
 Metaspace       used 21311K, committed 21504K, reserved 1073152K
  class space    used 2598K, committed 2688K, reserved 1048576K
}
Event: 2.359 GC heap before
{Heap before GC invocations=4 (full 0):
 garbage-first heap   total 68608K, used 51595K [0x0000000080000000, 0x0000000100000000)
  region size 1024K, 40 young (40960K), 8 survivors (8192K)
 Metaspace       used 26442K, committed 26688K, reserved 1073152K
  class space    used 3485K, committed 3584K, reserved 1048576K
}
Event: 2.364 GC heap after
{Heap after GC invocations=5 (full 0):
 garbage-first heap   total 68608K, used 21137K [0x0000000080000000, 0x0000000100000000)
  region size 1024K, 3 young (3072K), 3 survivors (3072K)
 Metaspace       used 26442K, committed 26688K, reserved 1073152K
  class space    used 3485K, committed 3584K, reserved 1048576K
}
Event: 2.747 GC heap before
{Heap before GC invocations=5 (full 0):
 garbage-first heap   total 68608K, used 46737K [0x0000000080000000, 0x0000000100000000)
  region size 1024K, 28 young (28672K), 3 survivors (3072K)
 Metaspace       used 30425K, committed 30720K, reserved 1081344K
  class space    used 4133K, committed 4288K, reserved 1048576K
}
Event: 2.749 GC heap after
{Heap after GC invocations=6 (full 0):
 garbage-first heap   total 68608K, used 22249K [0x0000000080000000, 0x0000000100000000)
  region size 1024K, 4 young (4096K), 4 survivors (4096K)
 Metaspace       used 30425K, committed 30720K, reserved 1081344K
  class space    used 4133K, committed 4288K, reserved 1048576K
}
Event: 3.118 GC heap before
{Heap before GC invocations=6 (full 0):
 garbage-first heap   total 68608K, used 48873K [0x0000000080000000, 0x0000000100000000)
  region size 1024K, 30 young (30720K), 4 survivors (4096K)
 Metaspace       used 34954K, committed 35328K, reserved 1081344K
  class space    used 4838K, committed 4992K, reserved 1048576K
}
Event: 3.123 GC heap after
{Heap after GC invocations=7 (full 0):
 garbage-first heap   total 68608K, used 24083K [0x0000000080000000, 0x0000000100000000)
  region size 1024K, 4 young (4096K), 4 survivors (4096K)
 Metaspace       used 34954K, committed 35328K, reserved 1081344K
  class space    used 4838K, committed 4992K, reserved 1048576K
}
Event: 3.185 GC heap before
{Heap before GC invocations=7 (full 0):
 garbage-first heap   total 68608K, used 26131K [0x0000000080000000, 0x0000000100000000)
  region size 1024K, 7 young (7168K), 4 survivors (4096K)
 Metaspace       used 35615K, committed 35968K, reserved 1081344K
  class space    used 4871K, committed 5056K, reserved 1048576K
}
Event: 3.189 GC heap after
{Heap after GC invocations=8 (full 0):
 garbage-first heap   total 68608K, used 24609K [0x0000000080000000, 0x0000000100000000)
  region size 1024K, 3 young (3072K), 3 survivors (3072K)
 Metaspace       used 35615K, committed 35968K, reserved 1081344K
  class space    used 4871K, committed 5056K, reserved 1048576K
}
Event: 3.699 GC heap before
{Heap before GC invocations=9 (full 0):
 garbage-first heap   total 68608K, used 47137K [0x0000000080000000, 0x0000000100000000)
  region size 1024K, 26 young (26624K), 3 survivors (3072K)
 Metaspace       used 40347K, committed 40704K, reserved 1089536K
  class space    used 5350K, committed 5504K, reserved 1048576K
}
Event: 3.705 GC heap after
{Heap after GC invocations=10 (full 0):
 garbage-first heap   total 68608K, used 28630K [0x0000000080000000, 0x0000000100000000)
  region size 1024K, 4 young (4096K), 4 survivors (4096K)
 Metaspace       used 40347K, committed 40704K, reserved 1089536K
  class space    used 5350K, committed 5504K, reserved 1048576K
}
Event: 4.003 GC heap before
{Heap before GC invocations=10 (full 0):
 garbage-first heap   total 68608K, used 53206K [0x0000000080000000, 0x0000000100000000)
  region size 1024K, 25 young (25600K), 4 survivors (4096K)
 Metaspace       used 42584K, committed 42944K, reserved 1089536K
  class space    used 5576K, committed 5696K, reserved 1048576K
}
Event: 4.008 GC heap after
{Heap after GC invocations=11 (full 0):
 garbage-first heap   total 68608K, used 29885K [0x0000000080000000, 0x0000000100000000)
  region size 1024K, 3 young (3072K), 3 survivors (3072K)
 Metaspace       used 42584K, committed 42944K, reserved 1089536K
  class space    used 5576K, committed 5696K, reserved 1048576K
}
Event: 4.221 GC heap before
{Heap before GC invocations=11 (full 0):
 garbage-first heap   total 68608K, used 50365K [0x0000000080000000, 0x0000000100000000)
  region size 1024K, 23 young (23552K), 3 survivors (3072K)
 Metaspace       used 44461K, committed 44928K, reserved 1089536K
  class space    used 5767K, committed 6016K, reserved 1048576K
}
Event: 4.224 GC heap after
{Heap after GC invocations=12 (full 0):
 garbage-first heap   total 82944K, used 31137K [0x0000000080000000, 0x0000000100000000)
  region size 1024K, 2 young (2048K), 2 survivors (2048K)
 Metaspace       used 44461K, committed 44928K, reserved 1089536K
  class space    used 5767K, committed 6016K, reserved 1048576K
}
Event: 4.687 GC heap before
{Heap before GC invocations=12 (full 0):
 garbage-first heap   total 82944K, used 61857K [0x0000000080000000, 0x0000000100000000)
  region size 1024K, 32 young (32768K), 2 survivors (2048K)
 Metaspace       used 48555K, committed 49024K, reserved 1097728K
  class space    used 6460K, committed 6656K, reserved 1048576K
}
Event: 4.689 GC heap after
{Heap after GC invocations=13 (full 0):
 garbage-first heap   total 82944K, used 32979K [0x0000000080000000, 0x0000000100000000)
  region size 1024K, 4 young (4096K), 4 survivors (4096K)
 Metaspace       used 48555K, committed 49024K, reserved 1097728K
  class space    used 6460K, committed 6656K, reserved 1048576K
}
Event: 5.363 GC heap before
{Heap before GC invocations=13 (full 0):
 garbage-first heap   total 82944K, used 62675K [0x0000000080000000, 0x0000000100000000)
  region size 1024K, 33 young (33792K), 4 survivors (4096K)
 Metaspace       used 52402K, committed 52864K, reserved 1097728K
  class space    used 7035K, committed 7232K, reserved 1048576K
}
Event: 5.369 GC heap after
{Heap after GC invocations=14 (full 0):
 garbage-first heap   total 82944K, used 34646K [0x0000000080000000, 0x0000000100000000)
  region size 1024K, 4 young (4096K), 4 survivors (4096K)
 Metaspace       used 52402K, committed 52864K, reserved 1097728K
  class space    used 7035K, committed 7232K, reserved 1048576K
}

