# JRE version: OpenJDK Runtime Environment (17.0.6) (build 17.0.6+0-b2043.56-10027231)
# Java VM: OpenJDK 64-Bit Server VM (17.0.6+0-b2043.56-10027231, mixed mode, tiered, compressed oops, compressed class ptrs, g1 gc, windows-amd64)
GC Precious Log:
 CPUs: 8 total, 8 available
 Memory: 7971M
 Large Page Support: Disabled
 NUMA Support: Disabled
 Compressed Oops: Enabled (32-bit)
 Heap Region Size: 1M
 Heap Min Capacity: 8M
 Heap Initial Capacity: 126M
 Heap Max Capacity: 2G
 Pre-touch: Disabled
 Parallel Workers: 8
 Concurrent Workers: 2
 Concurrent Refinement Workers: 8
 Periodic GC: Disabled
Heap:
 garbage-first heap   total 443392K, used 302837K [0x0000000080000000, 0x0000000100000000)
  region size 1024K, 142 young (145408K), 5 survivors (5120K)
 Metaspace       used 111619K, committed 112448K, reserved 1146880K
  class space    used 14774K, committed 15168K, reserved 1048576K
GC Heap History (20 events):
Event: 10.840 GC heap before
{Heap before GC invocations=29 (full 0):
 garbage-first heap   total 239616K, used 164063K [0x0000000080000000, 0x0000000100000000)
  region size 1024K, 97 young (99328K), 1 survivors (1024K)
 Metaspace       used 81624K, committed 82240K, reserved 1122304K
  class space    used 10961K, committed 11264K, reserved 1048576K
}
Event: 10.854 GC heap after
{Heap after GC invocations=30 (full 0):
 garbage-first heap   total 239616K, used 72545K [0x0000000080000000, 0x0000000100000000)
  region size 1024K, 9 young (9216K), 9 survivors (9216K)
 Metaspace       used 81624K, committed 82240K, reserved 1122304K
  class space    used 10961K, committed 11264K, reserved 1048576K
}
Event: 12.304 GC heap before
{Heap before GC invocations=30 (full 0):
 garbage-first heap   total 239616K, used 170849K [0x0000000080000000, 0x0000000100000000)
  region size 1024K, 105 young (107520K), 9 survivors (9216K)
 Metaspace       used 88600K, committed 89280K, reserved 1130496K
  class space    used 12050K, committed 12352K, reserved 1048576K
}
Event: 12.322 GC heap after
{Heap after GC invocations=31 (full 0):
 garbage-first heap   total 239616K, used 80657K [0x0000000080000000, 0x0000000100000000)
  region size 1024K, 8 young (8192K), 8 survivors (8192K)
 Metaspace       used 88600K, committed 89280K, reserved 1130496K
  class space    used 12050K, committed 12352K, reserved 1048576K
}
Event: 13.567 GC heap before
{Heap before GC invocations=31 (full 0):
 garbage-first heap   total 239616K, used 178961K [0x0000000080000000, 0x0000000100000000)
  region size 1024K, 104 young (106496K), 8 survivors (8192K)
 Metaspace       used 95856K, committed 96512K, reserved 1138688K
  class space    used 13075K, committed 13376K, reserved 1048576K
}
Event: 13.582 GC heap after
{Heap after GC invocations=32 (full 0):
 garbage-first heap   total 239616K, used 91828K [0x0000000080000000, 0x0000000100000000)
  region size 1024K, 11 young (11264K), 11 survivors (11264K)
 Metaspace       used 95856K, committed 96512K, reserved 1138688K
  class space    used 13075K, committed 13376K, reserved 1048576K
}
Event: 14.426 GC heap before
{Heap before GC invocations=32 (full 0):
 garbage-first heap   total 239616K, used 182964K [0x0000000080000000, 0x0000000100000000)
  region size 1024K, 100 young (102400K), 11 survivors (11264K)
 Metaspace       used 99719K, committed 100416K, reserved 1138688K
  class space    used 13592K, committed 13888K, reserved 1048576K
}
Event: 14.446 GC heap after
{Heap after GC invocations=33 (full 0):
 garbage-first heap   total 239616K, used 103844K [0x0000000080000000, 0x0000000100000000)
  region size 1024K, 13 young (13312K), 13 survivors (13312K)
 Metaspace       used 99719K, committed 100416K, reserved 1138688K
  class space    used 13592K, committed 13888K, reserved 1048576K
}
Event: 15.413 GC heap before
{Heap before GC invocations=33 (full 0):
 garbage-first heap   total 239616K, used 183716K [0x0000000080000000, 0x0000000100000000)
  region size 1024K, 92 young (94208K), 13 survivors (13312K)
 Metaspace       used 102713K, committed 103424K, reserved 1138688K
  class space    used 13981K, committed 14336K, reserved 1048576K
}
Event: 15.427 GC heap after
{Heap after GC invocations=34 (full 0):
 garbage-first heap   total 239616K, used 110329K [0x0000000080000000, 0x0000000100000000)
  region size 1024K, 8 young (8192K), 8 survivors (8192K)
 Metaspace       used 102713K, committed 103424K, reserved 1138688K
  class space    used 13981K, committed 14336K, reserved 1048576K
}
Event: 16.612 GC heap before
{Heap before GC invocations=34 (full 0):
 garbage-first heap   total 239616K, used 197369K [0x0000000080000000, 0x0000000100000000)
  region size 1024K, 85 young (87040K), 8 survivors (8192K)
 Metaspace       used 103495K, committed 104256K, reserved 1146880K
  class space    used 14015K, committed 14400K, reserved 1048576K
}
Event: 16.635 GC heap after
{Heap after GC invocations=35 (full 0):
 garbage-first heap   total 239616K, used 137763K [0x0000000080000000, 0x0000000100000000)
  region size 1024K, 11 young (11264K), 11 survivors (11264K)
 Metaspace       used 103495K, committed 104256K, reserved 1146880K
  class space    used 14015K, committed 14400K, reserved 1048576K
}
Event: 17.662 GC heap before
{Heap before GC invocations=35 (full 0):
 garbage-first heap   total 239616K, used 192035K [0x0000000080000000, 0x0000000100000000)
  region size 1024K, 57 young (58368K), 11 survivors (11264K)
 Metaspace       used 103936K, committed 104640K, reserved 1146880K
  class space    used 14047K, committed 14400K, reserved 1048576K
}
Event: 17.683 GC heap after
{Heap after GC invocations=36 (full 0):
 garbage-first heap   total 239616K, used 148935K [0x0000000080000000, 0x0000000100000000)
  region size 1024K, 8 young (8192K), 8 survivors (8192K)
 Metaspace       used 103936K, committed 104640K, reserved 1146880K
  class space    used 14047K, committed 14400K, reserved 1048576K
}
Event: 17.991 GC heap before
{Heap before GC invocations=36 (full 0):
 garbage-first heap   total 239616K, used 212423K [0x0000000080000000, 0x0000000100000000)
  region size 1024K, 46 young (47104K), 8 survivors (8192K)
 Metaspace       used 104499K, committed 105280K, reserved 1146880K
  class space    used 14102K, committed 14464K, reserved 1048576K
}
Event: 18.009 GC heap after
{Heap after GC invocations=37 (full 0):
 garbage-first heap   total 443392K, used 159072K [0x0000000080000000, 0x0000000100000000)
  region size 1024K, 6 young (6144K), 6 survivors (6144K)
 Metaspace       used 104499K, committed 105280K, reserved 1146880K
  class space    used 14102K, committed 14464K, reserved 1048576K
}
Event: 18.790 GC heap before
{Heap before GC invocations=37 (full 0):
 garbage-first heap   total 443392K, used 262496K [0x0000000080000000, 0x0000000100000000)
  region size 1024K, 108 young (110592K), 6 survivors (6144K)
 Metaspace       used 108748K, committed 109504K, reserved 1146880K
  class space    used 14510K, committed 14848K, reserved 1048576K
}
Event: 18.804 GC heap after
{Heap after GC invocations=38 (full 0):
 garbage-first heap   total 443392K, used 167264K [0x0000000080000000, 0x0000000100000000)
  region size 1024K, 14 young (14336K), 14 survivors (14336K)
 Metaspace       used 108748K, committed 109504K, reserved 1146880K
  class space    used 14510K, committed 14848K, reserved 1048576K
}
Event: 19.483 GC heap before
{Heap before GC invocations=38 (full 0):
 garbage-first heap   total 443392K, used 278880K [0x0000000080000000, 0x0000000100000000)
  region size 1024K, 124 young (126976K), 14 survivors (14336K)
 Metaspace       used 110271K, committed 111040K, reserved 1146880K
  class space    used 14628K, committed 14976K, reserved 1048576K
}
Event: 19.493 GC heap after
{Heap after GC invocations=39 (full 0):
 garbage-first heap   total 443392K, used 164597K [0x0000000080000000, 0x0000000100000000)
  region size 1024K, 5 young (5120K), 5 survivors (5120K)
 Metaspace       used 110271K, committed 111040K, reserved 1146880K
  class space    used 14628K, committed 14976K, reserved 1048576K
}

