# JRE version: OpenJDK Runtime Environment (17.0.6) (build 17.0.6+0-b2043.56-10027231)
# Java VM: OpenJDK 64-Bit Server VM (17.0.6+0-b2043.56-10027231, mixed mode, tiered, compressed oops, compressed class ptrs, g1 gc, windows-amd64)
GC Precious Log:
 CPUs: 8 total, 8 available
 Memory: 7971M
 Large Page Support: Disabled
 NUMA Support: Disabled
 Compressed Oops: Enabled (32-bit)
 Heap Region Size: 1M
 Heap Min Capacity: 8M
 Heap Initial Capacity: 126M
 Heap Max Capacity: 2G
 Pre-touch: Disabled
 Parallel Workers: 8
 Concurrent Workers: 2
 Concurrent Refinement Workers: 8
 Periodic GC: Disabled
Heap:
 garbage-first heap   total 129024K, used 60626K [0x0000000080000000, 0x0000000100000000)
  region size 1024K, 1 young (1024K), 1 survivors (1024K)
 Metaspace       used 66582K, committed 67136K, reserved 1114112K
  class space    used 8799K, committed 9024K, reserved 1048576K
GC Heap History (20 events):
Event: 5.398 GC heap after
{Heap after GC invocations=11 (full 0):
 garbage-first heap   total 86016K, used 33168K [0x0000000080000000, 0x0000000100000000)
  region size 1024K, 5 young (5120K), 5 survivors (5120K)
 Metaspace       used 46989K, committed 47424K, reserved 1097728K
  class space    used 6193K, committed 6400K, reserved 1048576K
}
Event: 6.301 GC heap before
{Heap before GC invocations=11 (full 0):
 garbage-first heap   total 86016K, used 64912K [0x0000000080000000, 0x0000000100000000)
  region size 1024K, 36 young (36864K), 5 survivors (5120K)
 Metaspace       used 51353K, committed 51776K, reserved 1097728K
  class space    used 6878K, committed 7104K, reserved 1048576K
}
Event: 6.308 GC heap after
{Heap after GC invocations=12 (full 0):
 garbage-first heap   total 86016K, used 34691K [0x0000000080000000, 0x0000000100000000)
  region size 1024K, 4 young (4096K), 4 survivors (4096K)
 Metaspace       used 51353K, committed 51776K, reserved 1097728K
  class space    used 6878K, committed 7104K, reserved 1048576K
}
Event: 7.307 GC heap before
{Heap before GC invocations=12 (full 0):
 garbage-first heap   total 86016K, used 66435K [0x0000000080000000, 0x0000000100000000)
  region size 1024K, 35 young (35840K), 4 survivors (4096K)
 Metaspace       used 53168K, committed 53632K, reserved 1097728K
  class space    used 7105K, committed 7296K, reserved 1048576K
}
Event: 7.314 GC heap after
{Heap after GC invocations=13 (full 0):
 garbage-first heap   total 86016K, used 37959K [0x0000000080000000, 0x0000000100000000)
  region size 1024K, 5 young (5120K), 5 survivors (5120K)
 Metaspace       used 53168K, committed 53632K, reserved 1097728K
  class space    used 7105K, committed 7296K, reserved 1048576K
}
Event: 7.715 GC heap before
{Heap before GC invocations=13 (full 0):
 garbage-first heap   total 86016K, used 59463K [0x0000000080000000, 0x0000000100000000)
  region size 1024K, 23 young (23552K), 5 survivors (5120K)
 Metaspace       used 53610K, committed 54080K, reserved 1097728K
  class space    used 7154K, committed 7360K, reserved 1048576K
}
Event: 7.725 GC heap after
{Heap after GC invocations=14 (full 0):
 garbage-first heap   total 86016K, used 47270K [0x0000000080000000, 0x0000000100000000)
  region size 1024K, 5 young (5120K), 5 survivors (5120K)
 Metaspace       used 53610K, committed 54080K, reserved 1097728K
  class space    used 7154K, committed 7360K, reserved 1048576K
}
Event: 8.031 GC heap before
{Heap before GC invocations=15 (full 0):
 garbage-first heap   total 94208K, used 69798K [0x0000000080000000, 0x0000000100000000)
  region size 1024K, 23 young (23552K), 5 survivors (5120K)
 Metaspace       used 55552K, committed 56000K, reserved 1097728K
  class space    used 7422K, committed 7616K, reserved 1048576K
}
Event: 8.035 GC heap after
{Heap after GC invocations=16 (full 0):
 garbage-first heap   total 94208K, used 54772K [0x0000000080000000, 0x0000000100000000)
  region size 1024K, 3 young (3072K), 3 survivors (3072K)
 Metaspace       used 55552K, committed 56000K, reserved 1097728K
  class space    used 7422K, committed 7616K, reserved 1048576K
}
Event: 8.283 GC heap before
{Heap before GC invocations=16 (full 0):
 garbage-first heap   total 94208K, used 72180K [0x0000000080000000, 0x0000000100000000)
  region size 1024K, 20 young (20480K), 3 survivors (3072K)
 Metaspace       used 58383K, committed 58944K, reserved 1105920K
  class space    used 7762K, committed 8000K, reserved 1048576K
}
Event: 8.285 GC heap after
{Heap after GC invocations=17 (full 0):
 garbage-first heap   total 94208K, used 56128K [0x0000000080000000, 0x0000000100000000)
  region size 1024K, 1 young (1024K), 1 survivors (1024K)
 Metaspace       used 58383K, committed 58944K, reserved 1105920K
  class space    used 7762K, committed 8000K, reserved 1048576K
}
Event: 8.580 GC heap before
{Heap before GC invocations=18 (full 0):
 garbage-first heap   total 99328K, used 73536K [0x0000000080000000, 0x0000000100000000)
  region size 1024K, 18 young (18432K), 1 survivors (1024K)
 Metaspace       used 61167K, committed 61696K, reserved 1105920K
  class space    used 8068K, committed 8320K, reserved 1048576K
}
Event: 8.582 GC heap after
{Heap after GC invocations=19 (full 0):
 garbage-first heap   total 99328K, used 56878K [0x0000000080000000, 0x0000000100000000)
  region size 1024K, 2 young (2048K), 2 survivors (2048K)
 Metaspace       used 61167K, committed 61696K, reserved 1105920K
  class space    used 8068K, committed 8320K, reserved 1048576K
}
Event: 8.606 GC heap before
{Heap before GC invocations=19 (full 0):
 garbage-first heap   total 99328K, used 58926K [0x0000000080000000, 0x0000000100000000)
  region size 1024K, 4 young (4096K), 2 survivors (2048K)
 Metaspace       used 61470K, committed 62016K, reserved 1105920K
  class space    used 8127K, committed 8384K, reserved 1048576K
}
Event: 8.609 GC heap after
{Heap after GC invocations=20 (full 0):
 garbage-first heap   total 99328K, used 56345K [0x0000000080000000, 0x0000000100000000)
  region size 1024K, 1 young (1024K), 1 survivors (1024K)
 Metaspace       used 61470K, committed 62016K, reserved 1105920K
  class space    used 8127K, committed 8384K, reserved 1048576K
}
Event: 8.943 GC heap before
{Heap before GC invocations=20 (full 0):
 garbage-first heap   total 99328K, used 73753K [0x0000000080000000, 0x0000000100000000)
  region size 1024K, 19 young (19456K), 1 survivors (1024K)
 Metaspace       used 65358K, committed 65920K, reserved 1105920K
  class space    used 8636K, committed 8896K, reserved 1048576K
}
Event: 8.946 GC heap after
{Heap after GC invocations=21 (full 0):
 garbage-first heap   total 99328K, used 58279K [0x0000000080000000, 0x0000000100000000)
  region size 1024K, 3 young (3072K), 3 survivors (3072K)
 Metaspace       used 65358K, committed 65920K, reserved 1105920K
  class space    used 8636K, committed 8896K, reserved 1048576K
}
Event: 9.132 GC heap before
{Heap before GC invocations=22 (full 0):
 garbage-first heap   total 128000K, used 83879K [0x0000000080000000, 0x0000000100000000)
  region size 1024K, 22 young (22528K), 3 survivors (3072K)
 Metaspace       used 66267K, committed 66816K, reserved 1114112K
  class space    used 8763K, committed 9024K, reserved 1048576K
}
Event: 9.136 GC heap after
{Heap after GC invocations=23 (full 0):
 garbage-first heap   total 128000K, used 60532K [0x0000000080000000, 0x0000000100000000)
  region size 1024K, 3 young (3072K), 3 survivors (3072K)
 Metaspace       used 66267K, committed 66816K, reserved 1114112K
  class space    used 8763K, committed 9024K, reserved 1048576K
}
Event: 9.192 GC heap before
{Heap before GC invocations=23 (full 0):
 garbage-first heap   total 128000K, used 63604K [0x0000000080000000, 0x0000000100000000)
  region size 1024K, 6 young (6144K), 3 survivors (3072K)
 Metaspace       used 66582K, committed 67136K, reserved 1114112K
  class space    used 8799K, committed 9024K, reserved 1048576K
}

