# JRE version: OpenJDK Runtime Environment (17.0.6) (build 17.0.6+0-b2043.56-10027231)
# Java VM: OpenJDK 64-Bit Server VM (17.0.6+0-b2043.56-10027231, mixed mode, tiered, compressed oops, compressed class ptrs, g1 gc, windows-amd64)
GC Precious Log:
 CPUs: 8 total, 8 available
 Memory: 7971M
 Large Page Support: Disabled
 NUMA Support: Disabled
 Compressed Oops: Enabled (32-bit)
 Heap Region Size: 1M
 Heap Min Capacity: 8M
 Heap Initial Capacity: 126M
 Heap Max Capacity: 2G
 Pre-touch: Disabled
 Parallel Workers: 8
 Concurrent Workers: 2
 Concurrent Refinement Workers: 8
 Periodic GC: Disabled
Heap:
 garbage-first heap   total 392192K, used 178024K [0x0000000080000000, 0x0000000100000000)
  region size 1024K, 7 young (7168K), 7 survivors (7168K)
 Metaspace       used 126179K, committed 127232K, reserved 1163264K
  class space    used 16226K, committed 16704K, reserved 1048576K
GC Heap History (20 events):
Event: 312.453 GC heap after
{Heap after GC invocations=37 (full 0):
 garbage-first heap   total 392192K, used 183504K [0x0000000080000000, 0x0000000100000000)
  region size 1024K, 2 young (2048K), 2 survivors (2048K)
 Metaspace       used 121831K, committed 122688K, reserved 1163264K
  class space    used 16039K, committed 16448K, reserved 1048576K
}
Event: 313.055 GC heap before
{Heap before GC invocations=37 (full 0):
 garbage-first heap   total 392192K, used 231632K [0x0000000080000000, 0x0000000100000000)
  region size 1024K, 50 young (51200K), 2 survivors (2048K)
 Metaspace       used 122240K, committed 123200K, reserved 1163264K
  class space    used 16065K, committed 16512K, reserved 1048576K
}
Event: 313.067 GC heap after
{Heap after GC invocations=38 (full 0):
 garbage-first heap   total 392192K, used 188600K [0x0000000080000000, 0x0000000100000000)
  region size 1024K, 7 young (7168K), 7 survivors (7168K)
 Metaspace       used 122240K, committed 123200K, reserved 1163264K
  class space    used 16065K, committed 16512K, reserved 1048576K
}
Event: 434.711 GC heap before
{Heap before GC invocations=39 (full 0):
 garbage-first heap   total 392192K, used 313528K [0x0000000080000000, 0x0000000100000000)
  region size 1024K, 129 young (132096K), 7 survivors (7168K)
 Metaspace       used 123237K, committed 124160K, reserved 1163264K
  class space    used 16095K, committed 16512K, reserved 1048576K
}
Event: 434.729 GC heap after
{Heap after GC invocations=40 (full 0):
 garbage-first heap   total 392192K, used 183065K [0x0000000080000000, 0x0000000100000000)
  region size 1024K, 3 young (3072K), 3 survivors (3072K)
 Metaspace       used 123237K, committed 124160K, reserved 1163264K
  class space    used 16095K, committed 16512K, reserved 1048576K
}
Event: 434.956 GC heap before
{Heap before GC invocations=40 (full 0):
 garbage-first heap   total 392192K, used 199449K [0x0000000080000000, 0x0000000100000000)
  region size 1024K, 19 young (19456K), 3 survivors (3072K)
 Metaspace       used 123386K, committed 124352K, reserved 1163264K
  class space    used 16105K, committed 16576K, reserved 1048576K
}
Event: 434.977 GC heap after
{Heap after GC invocations=41 (full 0):
 garbage-first heap   total 392192K, used 173446K [0x0000000080000000, 0x0000000100000000)
  region size 1024K, 3 young (3072K), 3 survivors (3072K)
 Metaspace       used 123386K, committed 124352K, reserved 1163264K
  class space    used 16105K, committed 16576K, reserved 1048576K
}
Event: 436.210 GC heap before
{Heap before GC invocations=41 (full 0):
 garbage-first heap   total 392192K, used 236934K [0x0000000080000000, 0x0000000100000000)
  region size 1024K, 66 young (67584K), 3 survivors (3072K)
 Metaspace       used 123725K, committed 124736K, reserved 1163264K
  class space    used 16107K, committed 16576K, reserved 1048576K
}
Event: 436.229 GC heap after
{Heap after GC invocations=42 (full 0):
 garbage-first heap   total 392192K, used 180417K [0x0000000080000000, 0x0000000100000000)
  region size 1024K, 10 young (10240K), 10 survivors (10240K)
 Metaspace       used 123725K, committed 124736K, reserved 1163264K
  class space    used 16107K, committed 16576K, reserved 1048576K
}
Event: 508.015 GC heap before
{Heap before GC invocations=43 (full 0):
 garbage-first heap   total 392192K, used 318657K [0x0000000080000000, 0x0000000100000000)
  region size 1024K, 144 young (147456K), 10 survivors (10240K)
 Metaspace       used 124513K, committed 125440K, reserved 1163264K
  class space    used 16111K, committed 16576K, reserved 1048576K
}
Event: 508.036 GC heap after
{Heap after GC invocations=44 (full 0):
 garbage-first heap   total 392192K, used 174810K [0x0000000080000000, 0x0000000100000000)
  region size 1024K, 4 young (4096K), 4 survivors (4096K)
 Metaspace       used 124513K, committed 125440K, reserved 1163264K
  class space    used 16111K, committed 16576K, reserved 1048576K
}
Event: 508.263 GC heap before
{Heap before GC invocations=44 (full 0):
 garbage-first heap   total 392192K, used 189146K [0x0000000080000000, 0x0000000100000000)
  region size 1024K, 19 young (19456K), 4 survivors (4096K)
 Metaspace       used 124623K, committed 125568K, reserved 1163264K
  class space    used 16111K, committed 16576K, reserved 1048576K
}
Event: 508.292 GC heap after
{Heap after GC invocations=45 (full 0):
 garbage-first heap   total 392192K, used 171625K [0x0000000080000000, 0x0000000100000000)
  region size 1024K, 2 young (2048K), 2 survivors (2048K)
 Metaspace       used 124623K, committed 125568K, reserved 1163264K
  class space    used 16111K, committed 16576K, reserved 1048576K
}
Event: 508.577 GC heap before
{Heap before GC invocations=45 (full 0):
 garbage-first heap   total 392192K, used 208489K [0x0000000080000000, 0x0000000100000000)
  region size 1024K, 39 young (39936K), 2 survivors (2048K)
 Metaspace       used 124698K, committed 125632K, reserved 1163264K
  class space    used 16112K, committed 16576K, reserved 1048576K
}
Event: 508.586 GC heap after
{Heap after GC invocations=46 (full 0):
 garbage-first heap   total 392192K, used 176895K [0x0000000080000000, 0x0000000100000000)
  region size 1024K, 7 young (7168K), 7 survivors (7168K)
 Metaspace       used 124698K, committed 125632K, reserved 1163264K
  class space    used 16112K, committed 16576K, reserved 1048576K
}
Event: 611.397 GC heap before
{Heap before GC invocations=47 (full 0):
 garbage-first heap   total 392192K, used 323327K [0x0000000080000000, 0x0000000100000000)
  region size 1024K, 150 young (153600K), 7 survivors (7168K)
 Metaspace       used 126072K, committed 127104K, reserved 1163264K
  class space    used 16221K, committed 16704K, reserved 1048576K
}
Event: 611.413 GC heap after
{Heap after GC invocations=48 (full 0):
 garbage-first heap   total 392192K, used 175741K [0x0000000080000000, 0x0000000100000000)
  region size 1024K, 6 young (6144K), 6 survivors (6144K)
 Metaspace       used 126072K, committed 127104K, reserved 1163264K
  class space    used 16221K, committed 16704K, reserved 1048576K
}
Event: 611.599 GC heap before
{Heap before GC invocations=48 (full 0):
 garbage-first heap   total 392192K, used 189053K [0x0000000080000000, 0x0000000100000000)
  region size 1024K, 19 young (19456K), 6 survivors (6144K)
 Metaspace       used 126132K, committed 127168K, reserved 1163264K
  class space    used 16226K, committed 16704K, reserved 1048576K
}
Event: 611.631 GC heap after
{Heap after GC invocations=49 (full 0):
 garbage-first heap   total 392192K, used 172854K [0x0000000080000000, 0x0000000100000000)
  region size 1024K, 2 young (2048K), 2 survivors (2048K)
 Metaspace       used 126132K, committed 127168K, reserved 1163264K
  class space    used 16226K, committed 16704K, reserved 1048576K
}
Event: 612.337 GC heap before
{Heap before GC invocations=49 (full 0):
 garbage-first heap   total 392192K, used 208694K [0x0000000080000000, 0x0000000100000000)
  region size 1024K, 38 young (38912K), 2 survivors (2048K)
 Metaspace       used 126179K, committed 127232K, reserved 1163264K
  class space    used 16226K, committed 16704K, reserved 1048576K
}

