# JRE version: OpenJDK Runtime Environment (17.0.6) (build 17.0.6+0-b2043.56-10027231)
# Java VM: OpenJDK 64-Bit Server VM (17.0.6+0-b2043.56-10027231, mixed mode, tiered, compressed oops, compressed class ptrs, g1 gc, windows-amd64)
GC Precious Log:
 CPUs: 8 total, 8 available
 Memory: 7971M
 Large Page Support: Disabled
 NUMA Support: Disabled
 Compressed Oops: Enabled (32-bit)
 Heap Region Size: 1M
 Heap Min Capacity: 8M
 Heap Initial Capacity: 126M
 Heap Max Capacity: 1994M
 Pre-touch: Disabled
 Parallel Workers: 8
 Concurrent Workers: 2
 Concurrent Refinement Workers: 8
 Periodic GC: Disabled
Heap:
 garbage-first heap   total 156672K, used 53472K [0x0000000083600000, 0x0000000100000000)
  region size 1024K, 10 young (10240K), 1 survivors (1024K)
 Metaspace       used 54939K, committed 55232K, reserved 1105920K
  class space    used 6530K, committed 6656K, reserved 1048576K
GC Heap History (20 events):
Event: 2.116 GC heap before
{Heap before GC invocations=9 (full 0):
 garbage-first heap   total 68608K, used 49041K [0x0000000083600000, 0x0000000100000000)
  region size 1024K, 31 young (31744K), 2 survivors (2048K)
 Metaspace       used 41615K, committed 41856K, reserved 1089536K
  class space    used 5114K, committed 5248K, reserved 1048576K
}
Event: 2.122 GC heap after
{Heap after GC invocations=10 (full 0):
 garbage-first heap   total 68608K, used 21910K [0x0000000083600000, 0x0000000100000000)
  region size 1024K, 4 young (4096K), 4 survivors (4096K)
 Metaspace       used 41615K, committed 41856K, reserved 1089536K
  class space    used 5114K, committed 5248K, reserved 1048576K
}
Event: 2.660 GC heap before
{Heap before GC invocations=10 (full 0):
 garbage-first heap   total 68608K, used 53654K [0x0000000083600000, 0x0000000100000000)
  region size 1024K, 32 young (32768K), 4 survivors (4096K)
 Metaspace       used 47417K, committed 47680K, reserved 1097728K
  class space    used 5790K, committed 5888K, reserved 1048576K
}
Event: 2.674 GC heap after
{Heap after GC invocations=11 (full 0):
 garbage-first heap   total 68608K, used 27568K [0x0000000083600000, 0x0000000100000000)
  region size 1024K, 4 young (4096K), 4 survivors (4096K)
 Metaspace       used 47417K, committed 47680K, reserved 1097728K
  class space    used 5790K, committed 5888K, reserved 1048576K
}
Event: 2.869 GC heap before
{Heap before GC invocations=11 (full 0):
 garbage-first heap   total 68608K, used 51120K [0x0000000083600000, 0x0000000100000000)
  region size 1024K, 27 young (27648K), 4 survivors (4096K)
 Metaspace       used 48117K, committed 48320K, reserved 1097728K
  class space    used 5851K, committed 5952K, reserved 1048576K
}
Event: 2.878 GC heap after
{Heap after GC invocations=12 (full 0):
 garbage-first heap   total 68608K, used 29106K [0x0000000083600000, 0x0000000100000000)
  region size 1024K, 2 young (2048K), 2 survivors (2048K)
 Metaspace       used 48117K, committed 48320K, reserved 1097728K
  class space    used 5851K, committed 5952K, reserved 1048576K
}
Event: 3.211 GC heap before
{Heap before GC invocations=12 (full 0):
 garbage-first heap   total 68608K, used 51634K [0x0000000083600000, 0x0000000100000000)
  region size 1024K, 25 young (25600K), 2 survivors (2048K)
 Metaspace       used 49679K, committed 49984K, reserved 1097728K
  class space    used 6016K, committed 6144K, reserved 1048576K
}
Event: 3.222 GC heap after
{Heap after GC invocations=13 (full 0):
 garbage-first heap   total 68608K, used 32768K [0x0000000083600000, 0x0000000100000000)
  region size 1024K, 4 young (4096K), 4 survivors (4096K)
 Metaspace       used 49679K, committed 49984K, reserved 1097728K
  class space    used 6016K, committed 6144K, reserved 1048576K
}
Event: 3.781 GC heap before
{Heap before GC invocations=13 (full 0):
 garbage-first heap   total 68608K, used 53248K [0x0000000083600000, 0x0000000100000000)
  region size 1024K, 24 young (24576K), 4 survivors (4096K)
 Metaspace       used 51094K, committed 51328K, reserved 1097728K
  class space    used 6089K, committed 6208K, reserved 1048576K
}
Event: 3.794 GC heap after
{Heap after GC invocations=14 (full 0):
 garbage-first heap   total 87040K, used 36529K [0x0000000083600000, 0x0000000100000000)
  region size 1024K, 3 young (3072K), 3 survivors (3072K)
 Metaspace       used 51094K, committed 51328K, reserved 1097728K
  class space    used 6089K, committed 6208K, reserved 1048576K
}
Event: 4.186 GC heap before
{Heap before GC invocations=14 (full 0):
 garbage-first heap   total 87040K, used 65201K [0x0000000083600000, 0x0000000100000000)
  region size 1024K, 31 young (31744K), 3 survivors (3072K)
 Metaspace       used 51680K, committed 51904K, reserved 1097728K
  class space    used 6120K, committed 6208K, reserved 1048576K
}
Event: 4.207 GC heap after
{Heap after GC invocations=15 (full 0):
 garbage-first heap   total 87040K, used 42367K [0x0000000083600000, 0x0000000100000000)
  region size 1024K, 4 young (4096K), 4 survivors (4096K)
 Metaspace       used 51680K, committed 51904K, reserved 1097728K
  class space    used 6120K, committed 6208K, reserved 1048576K
}
Event: 4.394 GC heap before
{Heap before GC invocations=15 (full 0):
 garbage-first heap   total 87040K, used 65919K [0x0000000083600000, 0x0000000100000000)
  region size 1024K, 27 young (27648K), 4 survivors (4096K)
 Metaspace       used 51996K, committed 52224K, reserved 1097728K
  class space    used 6144K, committed 6272K, reserved 1048576K
}
Event: 4.405 GC heap after
{Heap after GC invocations=16 (full 0):
 garbage-first heap   total 87040K, used 45661K [0x0000000083600000, 0x0000000100000000)
  region size 1024K, 3 young (3072K), 3 survivors (3072K)
 Metaspace       used 51996K, committed 52224K, reserved 1097728K
  class space    used 6144K, committed 6272K, reserved 1048576K
}
Event: 4.453 GC heap before
{Heap before GC invocations=16 (full 0):
 garbage-first heap   total 87040K, used 68189K [0x0000000083600000, 0x0000000100000000)
  region size 1024K, 25 young (25600K), 3 survivors (3072K)
 Metaspace       used 52000K, committed 52224K, reserved 1097728K
  class space    used 6145K, committed 6272K, reserved 1048576K
}
Event: 4.458 GC heap after
{Heap after GC invocations=17 (full 0):
 garbage-first heap   total 87040K, used 46441K [0x0000000083600000, 0x0000000100000000)
  region size 1024K, 1 young (1024K), 1 survivors (1024K)
 Metaspace       used 52000K, committed 52224K, reserved 1097728K
  class space    used 6145K, committed 6272K, reserved 1048576K
}
Event: 4.576 GC heap before
{Heap before GC invocations=18 (full 0):
 garbage-first heap   total 109568K, used 68969K [0x0000000083600000, 0x0000000100000000)
  region size 1024K, 23 young (23552K), 1 survivors (1024K)
 Metaspace       used 52451K, committed 52672K, reserved 1097728K
  class space    used 6206K, committed 6336K, reserved 1048576K
}
Event: 4.577 GC heap after
{Heap after GC invocations=19 (full 0):
 garbage-first heap   total 109568K, used 46095K [0x0000000083600000, 0x0000000100000000)
  region size 1024K, 1 young (1024K), 1 survivors (1024K)
 Metaspace       used 52451K, committed 52672K, reserved 1097728K
  class space    used 6206K, committed 6336K, reserved 1048576K
}
Event: 4.669 GC heap before
{Heap before GC invocations=19 (full 0):
 garbage-first heap   total 109568K, used 50191K [0x0000000083600000, 0x0000000100000000)
  region size 1024K, 5 young (5120K), 1 survivors (1024K)
 Metaspace       used 53568K, committed 53760K, reserved 1097728K
  class space    used 6334K, committed 6400K, reserved 1048576K
}
Event: 4.671 GC heap after
{Heap after GC invocations=20 (full 0):
 garbage-first heap   total 156672K, used 45280K [0x0000000083600000, 0x0000000100000000)
  region size 1024K, 1 young (1024K), 1 survivors (1024K)
 Metaspace       used 53568K, committed 53760K, reserved 1097728K
  class space    used 6334K, committed 6400K, reserved 1048576K
}

