# JRE version: OpenJDK Runtime Environment (17.0.6) (build 17.0.6+0-b2043.56-10027231)
# Java VM: OpenJDK 64-Bit Server VM (17.0.6+0-b2043.56-10027231, mixed mode, tiered, compressed oops, compressed class ptrs, g1 gc, windows-amd64)
GC Precious Log:
 CPUs: 8 total, 8 available
 Memory: 7971M
 Large Page Support: Disabled
 NUMA Support: Disabled
 Compressed Oops: Enabled (32-bit)
 Heap Region Size: 1M
 Heap Min Capacity: 8M
 Heap Initial Capacity: 126M
 Heap Max Capacity: 2G
 Pre-touch: Disabled
 Parallel Workers: 8
 Concurrent Workers: 2
 Concurrent Refinement Workers: 8
 Periodic GC: Disabled
Heap:
 garbage-first heap   total 378880K, used 159872K [0x0000000080000000, 0x0000000100000000)
  region size 1024K, 11 young (11264K), 11 survivors (11264K)
 Metaspace       used 126707K, committed 127744K, reserved 1163264K
  class space    used 16308K, committed 16832K, reserved 1048576K
GC Heap History (20 events):
Event: 849.024 GC heap after
{Heap after GC invocations=77 (full 0):
 garbage-first heap   total 378880K, used 157225K [0x0000000080000000, 0x0000000100000000)
  region size 1024K, 3 young (3072K), 3 survivors (3072K)
 Metaspace       used 122009K, committed 123008K, reserved 1163264K
  class space    used 15733K, committed 16192K, reserved 1048576K
}
Event: 849.375 GC heap before
{Heap before GC invocations=77 (full 0):
 garbage-first heap   total 378880K, used 182825K [0x0000000080000000, 0x0000000100000000)
  region size 1024K, 29 young (29696K), 3 survivors (3072K)
 Metaspace       used 122048K, committed 123072K, reserved 1163264K
  class space    used 15736K, committed 16192K, reserved 1048576K
}
Event: 849.380 GC heap after
{Heap after GC invocations=78 (full 0):
 garbage-first heap   total 378880K, used 156096K [0x0000000080000000, 0x0000000100000000)
  region size 1024K, 2 young (2048K), 2 survivors (2048K)
 Metaspace       used 122048K, committed 123072K, reserved 1163264K
  class space    used 15736K, committed 16192K, reserved 1048576K
}
Event: 1052.942 GC heap before
{Heap before GC invocations=79 (full 0):
 garbage-first heap   total 378880K, used 342464K [0x0000000080000000, 0x0000000100000000)
  region size 1024K, 135 young (138240K), 2 survivors (2048K)
 Metaspace       used 122375K, committed 123392K, reserved 1163264K
  class space    used 15763K, committed 16256K, reserved 1048576K
}
Event: 1052.996 GC heap after
{Heap after GC invocations=80 (full 0):
 garbage-first heap   total 378880K, used 184739K [0x0000000080000000, 0x0000000100000000)
  region size 1024K, 17 young (17408K), 17 survivors (17408K)
 Metaspace       used 122375K, committed 123392K, reserved 1163264K
  class space    used 15763K, committed 16256K, reserved 1048576K
}
Event: 1053.006 GC heap before
{Heap before GC invocations=80 (full 0):
 garbage-first heap   total 378880K, used 185763K [0x0000000080000000, 0x0000000100000000)
  region size 1024K, 18 young (18432K), 17 survivors (17408K)
 Metaspace       used 122375K, committed 123392K, reserved 1163264K
  class space    used 15763K, committed 16256K, reserved 1048576K
}
Event: 1053.036 GC heap after
{Heap after GC invocations=81 (full 0):
 garbage-first heap   total 378880K, used 177032K [0x0000000080000000, 0x0000000100000000)
  region size 1024K, 2 young (2048K), 2 survivors (2048K)
 Metaspace       used 122375K, committed 123392K, reserved 1163264K
  class space    used 15763K, committed 16256K, reserved 1048576K
}
Event: 1053.046 GC heap before
{Heap before GC invocations=81 (full 0):
 garbage-first heap   total 378880K, used 178056K [0x0000000080000000, 0x0000000100000000)
  region size 1024K, 5 young (5120K), 2 survivors (2048K)
 Metaspace       used 122375K, committed 123392K, reserved 1163264K
  class space    used 15763K, committed 16256K, reserved 1048576K
}
Event: 1053.050 GC heap after
{Heap after GC invocations=82 (full 0):
 garbage-first heap   total 378880K, used 177882K [0x0000000080000000, 0x0000000100000000)
  region size 1024K, 3 young (3072K), 3 survivors (3072K)
 Metaspace       used 122375K, committed 123392K, reserved 1163264K
  class space    used 15763K, committed 16256K, reserved 1048576K
}
Event: 1055.337 GC heap before
{Heap before GC invocations=83 (full 0):
 garbage-first heap   total 378880K, used 267994K [0x0000000080000000, 0x0000000100000000)
  region size 1024K, 69 young (70656K), 3 survivors (3072K)
 Metaspace       used 122463K, committed 123456K, reserved 1163264K
  class space    used 15764K, committed 16256K, reserved 1048576K
}
Event: 1055.364 GC heap after
{Heap after GC invocations=84 (full 0):
 garbage-first heap   total 378880K, used 184320K [0x0000000080000000, 0x0000000100000000)
  region size 1024K, 9 young (9216K), 9 survivors (9216K)
 Metaspace       used 122463K, committed 123456K, reserved 1163264K
  class space    used 15764K, committed 16256K, reserved 1048576K
}
Event: 1055.397 GC heap before
{Heap before GC invocations=84 (full 0):
 garbage-first heap   total 378880K, used 193536K [0x0000000080000000, 0x0000000100000000)
  region size 1024K, 18 young (18432K), 9 survivors (9216K)
 Metaspace       used 122464K, committed 123456K, reserved 1163264K
  class space    used 15764K, committed 16256K, reserved 1048576K
}
Event: 1055.418 GC heap after
{Heap after GC invocations=85 (full 0):
 garbage-first heap   total 378880K, used 168750K [0x0000000080000000, 0x0000000100000000)
  region size 1024K, 2 young (2048K), 2 survivors (2048K)
 Metaspace       used 122464K, committed 123456K, reserved 1163264K
  class space    used 15764K, committed 16256K, reserved 1048576K
}
Event: 1055.620 GC heap before
{Heap before GC invocations=85 (full 0):
 garbage-first heap   total 378880K, used 183086K [0x0000000080000000, 0x0000000100000000)
  region size 1024K, 17 young (17408K), 2 survivors (2048K)
 Metaspace       used 122502K, committed 123520K, reserved 1163264K
  class space    used 15767K, committed 16256K, reserved 1048576K
}
Event: 1055.623 GC heap after
{Heap after GC invocations=86 (full 0):
 garbage-first heap   total 378880K, used 169365K [0x0000000080000000, 0x0000000100000000)
  region size 1024K, 2 young (2048K), 2 survivors (2048K)
 Metaspace       used 122502K, committed 123520K, reserved 1163264K
  class space    used 15767K, committed 16256K, reserved 1048576K
}
Event: 1086.861 GC heap before
{Heap before GC invocations=87 (full 0):
 garbage-first heap   total 378880K, used 263573K [0x0000000080000000, 0x0000000100000000)
  region size 1024K, 91 young (93184K), 2 survivors (2048K)
 Metaspace       used 122716K, committed 123712K, reserved 1163264K
  class space    used 15771K, committed 16256K, reserved 1048576K
}
Event: 1086.892 GC heap after
{Heap after GC invocations=88 (full 0):
 garbage-first heap   total 378880K, used 164544K [0x0000000080000000, 0x0000000100000000)
  region size 1024K, 11 young (11264K), 11 survivors (11264K)
 Metaspace       used 122716K, committed 123712K, reserved 1163264K
  class space    used 15771K, committed 16256K, reserved 1048576K
}
Event: 1087.271 GC heap before
{Heap before GC invocations=88 (full 0):
 garbage-first heap   total 378880K, used 170688K [0x0000000080000000, 0x0000000100000000)
  region size 1024K, 18 young (18432K), 11 survivors (11264K)
 Metaspace       used 122729K, committed 123712K, reserved 1163264K
  class space    used 15773K, committed 16256K, reserved 1048576K
}
Event: 1087.331 GC heap after
{Heap after GC invocations=89 (full 0):
 garbage-first heap   total 378880K, used 151735K [0x0000000080000000, 0x0000000100000000)
  region size 1024K, 3 young (3072K), 3 survivors (3072K)
 Metaspace       used 122729K, committed 123712K, reserved 1163264K
  class space    used 15773K, committed 16256K, reserved 1048576K
}
Event: 1095.696 GC heap before
{Heap before GC invocations=89 (full 0):
 garbage-first heap   total 378880K, used 262327K [0x0000000080000000, 0x0000000100000000)
  region size 1024K, 111 young (113664K), 3 survivors (3072K)
 Metaspace       used 126707K, committed 127744K, reserved 1163264K
  class space    used 16308K, committed 16832K, reserved 1048576K
}

