# JRE version: OpenJDK Runtime Environment (17.0.6) (build 17.0.6+0-b2043.56-10027231)
# Java VM: OpenJDK 64-Bit Server VM (17.0.6+0-b2043.56-10027231, mixed mode, tiered, compressed oops, compressed class ptrs, g1 gc, windows-amd64)
GC Precious Log:
 CPUs: 8 total, 8 available
 Memory: 7971M
 Large Page Support: Disabled
 NUMA Support: Disabled
 Compressed Oops: Enabled (32-bit)
 Heap Region Size: 1M
 Heap Min Capacity: 8M
 Heap Initial Capacity: 126M
 Heap Max Capacity: 2G
 Pre-touch: Disabled
 Parallel Workers: 8
 Concurrent Workers: 2
 Concurrent Refinement Workers: 8
 Periodic GC: Disabled
Heap:
 garbage-first heap   total 434176K, used 163939K [0x0000000080000000, 0x0000000100000000)
  region size 1024K, 11 young (11264K), 11 survivors (11264K)
 Metaspace       used 143093K, committed 144256K, reserved 1179648K
  class space    used 19574K, committed 20160K, reserved 1048576K
GC Heap History (20 events):
Event: 699.917 GC heap after
{Heap after GC invocations=37 (full 0):
 garbage-first heap   total 434176K, used 126823K [0x0000000080000000, 0x0000000100000000)
  region size 1024K, 3 young (3072K), 3 survivors (3072K)
 Metaspace       used 108918K, committed 109632K, reserved 1146880K
  class space    used 14531K, committed 14848K, reserved 1048576K
}
Event: 703.946 GC heap before
{Heap before GC invocations=37 (full 0):
 garbage-first heap   total 434176K, used 322407K [0x0000000080000000, 0x0000000100000000)
  region size 1024K, 196 young (200704K), 3 survivors (3072K)
 Metaspace       used 114488K, committed 115392K, reserved 1155072K
  class space    used 15122K, committed 15552K, reserved 1048576K
}
Event: 703.961 GC heap after
{Heap after GC invocations=38 (full 0):
 garbage-first heap   total 434176K, used 143319K [0x0000000080000000, 0x0000000100000000)
  region size 1024K, 19 young (19456K), 19 survivors (19456K)
 Metaspace       used 114488K, committed 115392K, reserved 1155072K
  class space    used 15122K, committed 15552K, reserved 1048576K
}
Event: 710.492 GC heap before
{Heap before GC invocations=39 (full 0):
 garbage-first heap   total 434176K, used 384983K [0x0000000080000000, 0x0000000100000000)
  region size 1024K, 205 young (209920K), 19 survivors (19456K)
 Metaspace       used 127154K, committed 128128K, reserved 1163264K
  class space    used 16854K, committed 17344K, reserved 1048576K
}
Event: 710.515 GC heap after
{Heap after GC invocations=40 (full 0):
 garbage-first heap   total 434176K, used 151001K [0x0000000080000000, 0x0000000100000000)
  region size 1024K, 9 young (9216K), 9 survivors (9216K)
 Metaspace       used 127154K, committed 128128K, reserved 1163264K
  class space    used 16854K, committed 17344K, reserved 1048576K
}
Event: 710.620 GC heap before
{Heap before GC invocations=40 (full 0):
 garbage-first heap   total 434176K, used 162265K [0x0000000080000000, 0x0000000100000000)
  region size 1024K, 21 young (21504K), 9 survivors (9216K)
 Metaspace       used 129607K, committed 130560K, reserved 1163264K
  class space    used 17287K, committed 17728K, reserved 1048576K
}
Event: 710.630 GC heap after
{Heap after GC invocations=41 (full 0):
 garbage-first heap   total 434176K, used 148052K [0x0000000080000000, 0x0000000100000000)
  region size 1024K, 2 young (2048K), 2 survivors (2048K)
 Metaspace       used 129607K, committed 130560K, reserved 1163264K
  class space    used 17287K, committed 17728K, reserved 1048576K
}
Event: 711.145 GC heap before
{Heap before GC invocations=41 (full 0):
 garbage-first heap   total 434176K, used 200276K [0x0000000080000000, 0x0000000100000000)
  region size 1024K, 55 young (56320K), 2 survivors (2048K)
 Metaspace       used 138691K, committed 139712K, reserved 1171456K
  class space    used 19159K, committed 19648K, reserved 1048576K
}
Event: 711.151 GC heap after
{Heap after GC invocations=42 (full 0):
 garbage-first heap   total 434176K, used 148716K [0x0000000080000000, 0x0000000100000000)
  region size 1024K, 3 young (3072K), 3 survivors (3072K)
 Metaspace       used 138691K, committed 139712K, reserved 1171456K
  class space    used 19159K, committed 19648K, reserved 1048576K
}
Event: 1180.383 GC heap before
{Heap before GC invocations=43 (full 0):
 garbage-first heap   total 434176K, used 403692K [0x0000000080000000, 0x0000000100000000)
  region size 1024K, 199 young (203776K), 3 survivors (3072K)
 Metaspace       used 139520K, committed 140608K, reserved 1171456K
  class space    used 19224K, committed 19712K, reserved 1048576K
}
Event: 1180.416 GC heap after
{Heap after GC invocations=44 (full 0):
 garbage-first heap   total 434176K, used 149560K [0x0000000080000000, 0x0000000100000000)
  region size 1024K, 4 young (4096K), 4 survivors (4096K)
 Metaspace       used 139520K, committed 140608K, reserved 1171456K
  class space    used 19224K, committed 19712K, reserved 1048576K
}
Event: 1180.637 GC heap before
{Heap before GC invocations=44 (full 0):
 garbage-first heap   total 434176K, used 165944K [0x0000000080000000, 0x0000000100000000)
  region size 1024K, 21 young (21504K), 4 survivors (4096K)
 Metaspace       used 139525K, committed 140608K, reserved 1171456K
  class space    used 19224K, committed 19712K, reserved 1048576K
}
Event: 1180.666 GC heap after
{Heap after GC invocations=45 (full 0):
 garbage-first heap   total 434176K, used 148883K [0x0000000080000000, 0x0000000100000000)
  region size 1024K, 3 young (3072K), 3 survivors (3072K)
 Metaspace       used 139525K, committed 140608K, reserved 1171456K
  class space    used 19224K, committed 19712K, reserved 1048576K
}
Event: 1181.465 GC heap before
{Heap before GC invocations=45 (full 0):
 garbage-first heap   total 434176K, used 204179K [0x0000000080000000, 0x0000000100000000)
  region size 1024K, 59 young (60416K), 3 survivors (3072K)
 Metaspace       used 139932K, committed 141056K, reserved 1171456K
  class space    used 19271K, committed 19776K, reserved 1048576K
}
Event: 1181.481 GC heap after
{Heap after GC invocations=46 (full 0):
 garbage-first heap   total 434176K, used 155400K [0x0000000080000000, 0x0000000100000000)
  region size 1024K, 10 young (10240K), 10 survivors (10240K)
 Metaspace       used 139932K, committed 141056K, reserved 1171456K
  class space    used 19271K, committed 19776K, reserved 1048576K
}
Event: 1228.843 GC heap before
{Heap before GC invocations=47 (full 0):
 garbage-first heap   total 434176K, used 382728K [0x0000000080000000, 0x0000000100000000)
  region size 1024K, 205 young (209920K), 10 survivors (10240K)
 Metaspace       used 142952K, committed 144128K, reserved 1179648K
  class space    used 19573K, committed 20160K, reserved 1048576K
}
Event: 1228.863 GC heap after
{Heap after GC invocations=48 (full 0):
 garbage-first heap   total 434176K, used 157464K [0x0000000080000000, 0x0000000100000000)
  region size 1024K, 12 young (12288K), 12 survivors (12288K)
 Metaspace       used 142952K, committed 144128K, reserved 1179648K
  class space    used 19573K, committed 20160K, reserved 1048576K
}
Event: 1229.257 GC heap before
{Heap before GC invocations=48 (full 0):
 garbage-first heap   total 434176K, used 165656K [0x0000000080000000, 0x0000000100000000)
  region size 1024K, 21 young (21504K), 12 survivors (12288K)
 Metaspace       used 143014K, committed 144192K, reserved 1179648K
  class space    used 19574K, committed 20160K, reserved 1048576K
}
Event: 1229.287 GC heap after
{Heap after GC invocations=49 (full 0):
 garbage-first heap   total 434176K, used 154852K [0x0000000080000000, 0x0000000100000000)
  region size 1024K, 2 young (2048K), 2 survivors (2048K)
 Metaspace       used 143014K, committed 144192K, reserved 1179648K
  class space    used 19574K, committed 20160K, reserved 1048576K
}
Event: 1229.900 GC heap before
{Heap before GC invocations=49 (full 0):
 garbage-first heap   total 434176K, used 186596K [0x0000000080000000, 0x0000000100000000)
  region size 1024K, 34 young (34816K), 2 survivors (2048K)
 Metaspace       used 143093K, committed 144256K, reserved 1179648K
  class space    used 19574K, committed 20160K, reserved 1048576K
}

