# JRE version: OpenJDK Runtime Environment (17.0.6) (build 17.0.6+0-b2043.56-10027231)
# Java VM: OpenJDK 64-Bit Server VM (17.0.6+0-b2043.56-10027231, mixed mode, tiered, compressed oops, compressed class ptrs, g1 gc, windows-amd64)
GC Precious Log:
 CPUs: 8 total, 8 available
 Memory: 7971M
 Large Page Support: Disabled
 NUMA Support: Disabled
 Compressed Oops: Enabled (32-bit)
 Heap Region Size: 1M
 Heap Min Capacity: 8M
 Heap Initial Capacity: 126M
 Heap Max Capacity: 2G
 Pre-touch: Disabled
 Parallel Workers: 8
 Concurrent Workers: 2
 Concurrent Refinement Workers: 8
 Periodic GC: Disabled
Heap:
 garbage-first heap   total 199680K, used 141179K [0x0000000080000000, 0x0000000100000000)
  region size 1024K, 6 young (6144K), 6 survivors (6144K)
 Metaspace       used 103430K, committed 104192K, reserved 1146880K
  class space    used 14063K, committed 14464K, reserved 1048576K
GC Heap History (20 events):
Event: 10.703 GC heap after
{Heap after GC invocations=32 (full 0):
 garbage-first heap   total 133120K, used 74351K [0x0000000080000000, 0x0000000100000000)
  region size 1024K, 4 young (4096K), 4 survivors (4096K)
 Metaspace       used 82846K, committed 83456K, reserved 1122304K
  class space    used 11219K, committed 11520K, reserved 1048576K
}
Event: 10.736 GC heap before
{Heap before GC invocations=32 (full 0):
 garbage-first heap   total 133120K, used 76399K [0x0000000080000000, 0x0000000100000000)
  region size 1024K, 6 young (6144K), 4 survivors (4096K)
 Metaspace       used 83087K, committed 83712K, reserved 1122304K
  class space    used 11269K, committed 11520K, reserved 1048576K
}
Event: 10.741 GC heap after
{Heap after GC invocations=33 (full 0):
 garbage-first heap   total 133120K, used 74056K [0x0000000080000000, 0x0000000100000000)
  region size 1024K, 1 young (1024K), 1 survivors (1024K)
 Metaspace       used 83087K, committed 83712K, reserved 1122304K
  class space    used 11269K, committed 11520K, reserved 1048576K
}
Event: 11.256 GC heap before
{Heap before GC invocations=33 (full 0):
 garbage-first heap   total 133120K, used 106824K [0x0000000080000000, 0x0000000100000000)
  region size 1024K, 33 young (33792K), 1 survivors (1024K)
 Metaspace       used 85453K, committed 86144K, reserved 1130496K
  class space    used 11596K, committed 11904K, reserved 1048576K
}
Event: 11.260 GC heap after
{Heap after GC invocations=34 (full 0):
 garbage-first heap   total 196608K, used 76093K [0x0000000080000000, 0x0000000100000000)
  region size 1024K, 3 young (3072K), 3 survivors (3072K)
 Metaspace       used 85453K, committed 86144K, reserved 1130496K
  class space    used 11596K, committed 11904K, reserved 1048576K
}
Event: 12.426 GC heap before
{Heap before GC invocations=35 (full 0):
 garbage-first heap   total 196608K, used 150845K [0x0000000080000000, 0x0000000100000000)
  region size 1024K, 76 young (77824K), 3 survivors (3072K)
 Metaspace       used 90952K, committed 91584K, reserved 1130496K
  class space    used 12450K, committed 12736K, reserved 1048576K
}
Event: 12.433 GC heap after
{Heap after GC invocations=36 (full 0):
 garbage-first heap   total 196608K, used 81718K [0x0000000080000000, 0x0000000100000000)
  region size 1024K, 8 young (8192K), 8 survivors (8192K)
 Metaspace       used 90952K, committed 91584K, reserved 1130496K
  class space    used 12450K, committed 12736K, reserved 1048576K
}
Event: 12.447 GC heap before
{Heap before GC invocations=36 (full 0):
 garbage-first heap   total 196608K, used 82742K [0x0000000080000000, 0x0000000100000000)
  region size 1024K, 9 young (9216K), 8 survivors (8192K)
 Metaspace       used 91066K, committed 91648K, reserved 1130496K
  class space    used 12475K, committed 12736K, reserved 1048576K
}
Event: 12.455 GC heap after
{Heap after GC invocations=37 (full 0):
 garbage-first heap   total 196608K, used 82319K [0x0000000080000000, 0x0000000100000000)
  region size 1024K, 2 young (2048K), 2 survivors (2048K)
 Metaspace       used 91066K, committed 91648K, reserved 1130496K
  class space    used 12475K, committed 12736K, reserved 1048576K
}
Event: 13.518 GC heap before
{Heap before GC invocations=37 (full 0):
 garbage-first heap   total 196608K, used 151951K [0x0000000080000000, 0x0000000100000000)
  region size 1024K, 70 young (71680K), 2 survivors (2048K)
 Metaspace       used 95768K, committed 96448K, reserved 1138688K
  class space    used 13081K, committed 13376K, reserved 1048576K
}
Event: 13.526 GC heap after
{Heap after GC invocations=38 (full 0):
 garbage-first heap   total 196608K, used 89324K [0x0000000080000000, 0x0000000100000000)
  region size 1024K, 8 young (8192K), 8 survivors (8192K)
 Metaspace       used 95768K, committed 96448K, reserved 1138688K
  class space    used 13081K, committed 13376K, reserved 1048576K
}
Event: 14.345 GC heap before
{Heap before GC invocations=38 (full 0):
 garbage-first heap   total 196608K, used 155884K [0x0000000080000000, 0x0000000100000000)
  region size 1024K, 72 young (73728K), 8 survivors (8192K)
 Metaspace       used 99455K, committed 100224K, reserved 1138688K
  class space    used 13561K, committed 13888K, reserved 1048576K
}
Event: 14.358 GC heap after
{Heap after GC invocations=39 (full 0):
 garbage-first heap   total 196608K, used 98996K [0x0000000080000000, 0x0000000100000000)
  region size 1024K, 9 young (9216K), 9 survivors (9216K)
 Metaspace       used 99455K, committed 100224K, reserved 1138688K
  class space    used 13561K, committed 13888K, reserved 1048576K
}
Event: 14.656 GC heap before
{Heap before GC invocations=39 (full 0):
 garbage-first heap   total 196608K, used 154292K [0x0000000080000000, 0x0000000100000000)
  region size 1024K, 64 young (65536K), 9 survivors (9216K)
 Metaspace       used 99774K, committed 100480K, reserved 1138688K
  class space    used 13585K, committed 13888K, reserved 1048576K
}
Event: 14.667 GC heap after
{Heap after GC invocations=40 (full 0):
 garbage-first heap   total 196608K, used 105078K [0x0000000080000000, 0x0000000100000000)
  region size 1024K, 6 young (6144K), 6 survivors (6144K)
 Metaspace       used 99774K, committed 100480K, reserved 1138688K
  class space    used 13585K, committed 13888K, reserved 1048576K
}
Event: 15.524 GC heap before
{Heap before GC invocations=41 (full 0):
 garbage-first heap   total 199680K, used 159350K [0x0000000080000000, 0x0000000100000000)
  region size 1024K, 57 young (58368K), 6 survivors (6144K)
 Metaspace       used 102014K, committed 102784K, reserved 1138688K
  class space    used 13916K, committed 14272K, reserved 1048576K
}
Event: 15.539 GC heap after
{Heap after GC invocations=42 (full 0):
 garbage-first heap   total 199680K, used 115187K [0x0000000080000000, 0x0000000100000000)
  region size 1024K, 8 young (8192K), 8 survivors (8192K)
 Metaspace       used 102014K, committed 102784K, reserved 1138688K
  class space    used 13916K, committed 14272K, reserved 1048576K
}
Event: 15.551 GC heap before
{Heap before GC invocations=42 (full 0):
 garbage-first heap   total 199680K, used 116211K [0x0000000080000000, 0x0000000100000000)
  region size 1024K, 9 young (9216K), 8 survivors (8192K)
 Metaspace       used 102014K, committed 102784K, reserved 1138688K
  class space    used 13916K, committed 14272K, reserved 1048576K
}
Event: 15.560 GC heap after
{Heap after GC invocations=43 (full 0):
 garbage-first heap   total 199680K, used 116063K [0x0000000080000000, 0x0000000100000000)
  region size 1024K, 2 young (2048K), 2 survivors (2048K)
 Metaspace       used 102014K, committed 102784K, reserved 1138688K
  class space    used 13916K, committed 14272K, reserved 1048576K
}
Event: 16.405 GC heap before
{Heap before GC invocations=43 (full 0):
 garbage-first heap   total 199680K, used 167263K [0x0000000080000000, 0x0000000100000000)
  region size 1024K, 45 young (46080K), 2 survivors (2048K)
 Metaspace       used 103430K, committed 104192K, reserved 1146880K
  class space    used 14063K, committed 14464K, reserved 1048576K
}

