# JRE version: OpenJDK Runtime Environment (17.0.6) (build 17.0.6+0-b2043.56-10027231)
# Java VM: OpenJDK 64-Bit Server VM (17.0.6+0-b2043.56-10027231, mixed mode, tiered, compressed oops, compressed class ptrs, g1 gc, windows-amd64)
GC Precious Log:
 CPUs: 8 total, 8 available
 Memory: 7971M
 Large Page Support: Disabled
 NUMA Support: Disabled
 Compressed Oops: Enabled (32-bit)
 Heap Region Size: 1M
 Heap Min Capacity: 8M
 Heap Initial Capacity: 126M
 Heap Max Capacity: 2G
 Pre-touch: Disabled
 Parallel Workers: 8
 Concurrent Workers: 2
 Concurrent Refinement Workers: 8
 Periodic GC: Disabled
Heap:
 garbage-first heap   total 256000K, used 147082K [0x0000000080000000, 0x0000000100000000)
  region size 1024K, 2 young (2048K), 2 survivors (2048K)
 Metaspace       used 131248K, committed 132160K, reserved 1163264K
  class space    used 18381K, committed 18816K, reserved 1048576K
GC Heap History (20 events):
Event: 13.569 GC heap after
{Heap after GC invocations=34 (full 0):
 garbage-first heap   total 256000K, used 80778K [0x0000000080000000, 0x0000000100000000)
  region size 1024K, 1 young (1024K), 1 survivors (1024K)
 Metaspace       used 88423K, committed 89088K, reserved 1130496K
  class space    used 12026K, committed 12288K, reserved 1048576K
}
Event: 15.144 GC heap before
{Heap before GC invocations=34 (full 0):
 garbage-first heap   total 256000K, used 192394K [0x0000000080000000, 0x0000000100000000)
  region size 1024K, 110 young (112640K), 1 survivors (1024K)
 Metaspace       used 95838K, committed 96576K, reserved 1138688K
  class space    used 13069K, committed 13376K, reserved 1048576K
}
Event: 15.155 GC heap after
{Heap after GC invocations=35 (full 0):
 garbage-first heap   total 256000K, used 92798K [0x0000000080000000, 0x0000000100000000)
  region size 1024K, 13 young (13312K), 13 survivors (13312K)
 Metaspace       used 95838K, committed 96576K, reserved 1138688K
  class space    used 13069K, committed 13376K, reserved 1048576K
}
Event: 16.264 GC heap before
{Heap before GC invocations=35 (full 0):
 garbage-first heap   total 256000K, used 193150K [0x0000000080000000, 0x0000000100000000)
  region size 1024K, 110 young (112640K), 13 survivors (13312K)
 Metaspace       used 99778K, committed 100480K, reserved 1138688K
  class space    used 13574K, committed 13888K, reserved 1048576K
}
Event: 16.284 GC heap after
{Heap after GC invocations=36 (full 0):
 garbage-first heap   total 256000K, used 104710K [0x0000000080000000, 0x0000000100000000)
  region size 1024K, 12 young (12288K), 12 survivors (12288K)
 Metaspace       used 99778K, committed 100480K, reserved 1138688K
  class space    used 13574K, committed 13888K, reserved 1048576K
}
Event: 17.367 GC heap before
{Heap before GC invocations=36 (full 0):
 garbage-first heap   total 256000K, used 194822K [0x0000000080000000, 0x0000000100000000)
  region size 1024K, 101 young (103424K), 12 survivors (12288K)
 Metaspace       used 103162K, committed 103936K, reserved 1138688K
  class space    used 13974K, committed 14336K, reserved 1048576K
}
Event: 17.379 GC heap after
{Heap after GC invocations=37 (full 0):
 garbage-first heap   total 256000K, used 110592K [0x0000000080000000, 0x0000000100000000)
  region size 1024K, 8 young (8192K), 8 survivors (8192K)
 Metaspace       used 103162K, committed 103936K, reserved 1138688K
  class space    used 13974K, committed 14336K, reserved 1048576K
}
Event: 18.272 GC heap before
{Heap before GC invocations=37 (full 0):
 garbage-first heap   total 256000K, used 200704K [0x0000000080000000, 0x0000000100000000)
  region size 1024K, 97 young (99328K), 8 survivors (8192K)
 Metaspace       used 104149K, committed 104896K, reserved 1146880K
  class space    used 14098K, committed 14464K, reserved 1048576K
}
Event: 18.290 GC heap after
{Heap after GC invocations=38 (full 0):
 garbage-first heap   total 256000K, used 117558K [0x0000000080000000, 0x0000000100000000)
  region size 1024K, 9 young (9216K), 9 survivors (9216K)
 Metaspace       used 104149K, committed 104896K, reserved 1146880K
  class space    used 14098K, committed 14464K, reserved 1048576K
}
Event: 20.382 GC heap before
{Heap before GC invocations=38 (full 0):
 garbage-first heap   total 256000K, used 203574K [0x0000000080000000, 0x0000000100000000)
  region size 1024K, 94 young (96256K), 9 survivors (9216K)
 Metaspace       used 105886K, committed 106624K, reserved 1146880K
  class space    used 14300K, committed 14656K, reserved 1048576K
}
Event: 20.397 GC heap after
{Heap after GC invocations=39 (full 0):
 garbage-first heap   total 256000K, used 126512K [0x0000000080000000, 0x0000000100000000)
  region size 1024K, 11 young (11264K), 11 survivors (11264K)
 Metaspace       used 105886K, committed 106624K, reserved 1146880K
  class space    used 14300K, committed 14656K, reserved 1048576K
}
Event: 21.398 GC heap before
{Heap before GC invocations=39 (full 0):
 garbage-first heap   total 256000K, used 205360K [0x0000000080000000, 0x0000000100000000)
  region size 1024K, 89 young (91136K), 11 survivors (11264K)
 Metaspace       used 108310K, committed 109120K, reserved 1146880K
  class space    used 14596K, committed 14976K, reserved 1048576K
}
Event: 21.409 GC heap after
{Heap after GC invocations=40 (full 0):
 garbage-first heap   total 256000K, used 130189K [0x0000000080000000, 0x0000000100000000)
  region size 1024K, 7 young (7168K), 7 survivors (7168K)
 Metaspace       used 108310K, committed 109120K, reserved 1146880K
  class space    used 14596K, committed 14976K, reserved 1048576K
}
Event: 42.196 GC heap before
{Heap before GC invocations=40 (full 0):
 garbage-first heap   total 256000K, used 209037K [0x0000000080000000, 0x0000000100000000)
  region size 1024K, 83 young (84992K), 7 survivors (7168K)
 Metaspace       used 115832K, committed 116736K, reserved 1155072K
  class space    used 15698K, committed 16128K, reserved 1048576K
}
Event: 42.227 GC heap after
{Heap after GC invocations=41 (full 0):
 garbage-first heap   total 256000K, used 137574K [0x0000000080000000, 0x0000000100000000)
  region size 1024K, 11 young (11264K), 11 survivors (11264K)
 Metaspace       used 115832K, committed 116736K, reserved 1155072K
  class space    used 15698K, committed 16128K, reserved 1048576K
}
Event: 43.330 GC heap before
{Heap before GC invocations=41 (full 0):
 garbage-first heap   total 256000K, used 208230K [0x0000000080000000, 0x0000000100000000)
  region size 1024K, 81 young (82944K), 11 survivors (11264K)
 Metaspace       used 125283K, committed 126144K, reserved 1163264K
  class space    used 17459K, committed 17856K, reserved 1048576K
}
Event: 43.360 GC heap after
{Heap after GC invocations=42 (full 0):
 garbage-first heap   total 256000K, used 146102K [0x0000000080000000, 0x0000000100000000)
  region size 1024K, 9 young (9216K), 9 survivors (9216K)
 Metaspace       used 125283K, committed 126144K, reserved 1163264K
  class space    used 17459K, committed 17856K, reserved 1048576K
}
Event: 44.554 GC heap before
{Heap before GC invocations=42 (full 0):
 garbage-first heap   total 256000K, used 208566K [0x0000000080000000, 0x0000000100000000)
  region size 1024K, 71 young (72704K), 9 survivors (9216K)
 Metaspace       used 128985K, committed 129920K, reserved 1163264K
  class space    used 18015K, committed 18432K, reserved 1048576K
}
Event: 44.580 GC heap after
{Heap after GC invocations=43 (full 0):
 garbage-first heap   total 256000K, used 150252K [0x0000000080000000, 0x0000000100000000)
  region size 1024K, 5 young (5120K), 5 survivors (5120K)
 Metaspace       used 128985K, committed 129920K, reserved 1163264K
  class space    used 18015K, committed 18432K, reserved 1048576K
}
Event: 45.985 GC heap before
{Heap before GC invocations=43 (full 0):
 garbage-first heap   total 256000K, used 215788K [0x0000000080000000, 0x0000000100000000)
  region size 1024K, 66 young (67584K), 5 survivors (5120K)
 Metaspace       used 131248K, committed 132160K, reserved 1163264K
  class space    used 18381K, committed 18816K, reserved 1048576K
}

