# JRE version: OpenJDK Runtime Environment (17.0.6) (build 17.0.6+0-b2043.56-10027231)
# Java VM: OpenJDK 64-Bit Server VM (17.0.6+0-b2043.56-10027231, mixed mode, tiered, compressed oops, compressed class ptrs, g1 gc, windows-amd64)
GC Precious Log:
 CPUs: 8 total, 8 available
 Memory: 7971M
 Large Page Support: Disabled
 NUMA Support: Disabled
 Compressed Oops: Enabled (32-bit)
 Heap Region Size: 1M
 Heap Min Capacity: 8M
 Heap Initial Capacity: 126M
 Heap Max Capacity: 2G
 Pre-touch: Disabled
 Parallel Workers: 8
 Concurrent Workers: 2
 Concurrent Refinement Workers: 8
 Periodic GC: Disabled
Heap:
 garbage-first heap   total 253952K, used 148653K [0x0000000080000000, 0x0000000100000000)
  region size 1024K, 5 young (5120K), 5 survivors (5120K)
 Metaspace       used 104365K, committed 105152K, reserved 1146880K
  class space    used 14090K, committed 14464K, reserved 1048576K
GC Heap History (20 events):
Event: 6.629 GC heap after
{Heap after GC invocations=24 (full 0):
 garbage-first heap   total 126976K, used 62687K [0x0000000080000000, 0x0000000100000000)
  region size 1024K, 3 young (3072K), 3 survivors (3072K)
 Metaspace       used 70613K, committed 71232K, reserved 1114112K
  class space    used 9362K, committed 9664K, reserved 1048576K
}
Event: 6.963 GC heap before
{Heap before GC invocations=25 (full 0):
 garbage-first heap   total 126976K, used 96479K [0x0000000080000000, 0x0000000100000000)
  region size 1024K, 36 young (36864K), 3 survivors (3072K)
 Metaspace       used 74802K, committed 75392K, reserved 1114112K
  class space    used 9947K, committed 10240K, reserved 1048576K
}
Event: 6.967 GC heap after
{Heap after GC invocations=26 (full 0):
 garbage-first heap   total 126976K, used 65254K [0x0000000080000000, 0x0000000100000000)
  region size 1024K, 5 young (5120K), 5 survivors (5120K)
 Metaspace       used 74802K, committed 75392K, reserved 1114112K
  class space    used 9947K, committed 10240K, reserved 1048576K
}
Event: 7.281 GC heap before
{Heap before GC invocations=26 (full 0):
 garbage-first heap   total 126976K, used 99046K [0x0000000080000000, 0x0000000100000000)
  region size 1024K, 38 young (38912K), 5 survivors (5120K)
 Metaspace       used 77026K, committed 77568K, reserved 1122304K
  class space    used 10250K, committed 10496K, reserved 1048576K
}
Event: 7.289 GC heap after
{Heap after GC invocations=27 (full 0):
 garbage-first heap   total 253952K, used 68250K [0x0000000080000000, 0x0000000100000000)
  region size 1024K, 5 young (5120K), 5 survivors (5120K)
 Metaspace       used 77026K, committed 77568K, reserved 1122304K
  class space    used 10250K, committed 10496K, reserved 1048576K
}
Event: 8.479 GC heap before
{Heap before GC invocations=28 (full 0):
 garbage-first heap   total 239616K, used 179866K [0x0000000080000000, 0x0000000100000000)
  region size 1024K, 113 young (115712K), 5 survivors (5120K)
 Metaspace       used 85633K, committed 86272K, reserved 1130496K
  class space    used 11622K, committed 11904K, reserved 1048576K
}
Event: 8.493 GC heap after
{Heap after GC invocations=29 (full 0):
 garbage-first heap   total 239616K, used 77157K [0x0000000080000000, 0x0000000100000000)
  region size 1024K, 14 young (14336K), 14 survivors (14336K)
 Metaspace       used 85633K, committed 86272K, reserved 1130496K
  class space    used 11622K, committed 11904K, reserved 1048576K
}
Event: 8.496 GC heap before
{Heap before GC invocations=29 (full 0):
 garbage-first heap   total 239616K, used 78181K [0x0000000080000000, 0x0000000100000000)
  region size 1024K, 15 young (15360K), 14 survivors (14336K)
 Metaspace       used 85633K, committed 86272K, reserved 1130496K
  class space    used 11622K, committed 11904K, reserved 1048576K
}
Event: 8.506 GC heap after
{Heap after GC invocations=30 (full 0):
 garbage-first heap   total 239616K, used 78082K [0x0000000080000000, 0x0000000100000000)
  region size 1024K, 2 young (2048K), 2 survivors (2048K)
 Metaspace       used 85633K, committed 86272K, reserved 1130496K
  class space    used 11622K, committed 11904K, reserved 1048576K
}
Event: 9.660 GC heap before
{Heap before GC invocations=30 (full 0):
 garbage-first heap   total 239616K, used 180482K [0x0000000080000000, 0x0000000100000000)
  region size 1024K, 102 young (104448K), 2 survivors (2048K)
 Metaspace       used 94798K, committed 95488K, reserved 1138688K
  class space    used 12940K, committed 13248K, reserved 1048576K
}
Event: 9.669 GC heap after
{Heap after GC invocations=31 (full 0):
 garbage-first heap   total 239616K, used 85343K [0x0000000080000000, 0x0000000100000000)
  region size 1024K, 9 young (9216K), 9 survivors (9216K)
 Metaspace       used 94798K, committed 95488K, reserved 1138688K
  class space    used 12940K, committed 13248K, reserved 1048576K
}
Event: 10.517 GC heap before
{Heap before GC invocations=31 (full 0):
 garbage-first heap   total 239616K, used 185695K [0x0000000080000000, 0x0000000100000000)
  region size 1024K, 106 young (108544K), 9 survivors (9216K)
 Metaspace       used 99300K, committed 100032K, reserved 1138688K
  class space    used 13526K, committed 13824K, reserved 1048576K
}
Event: 10.533 GC heap after
{Heap after GC invocations=32 (full 0):
 garbage-first heap   total 239616K, used 99272K [0x0000000080000000, 0x0000000100000000)
  region size 1024K, 14 young (14336K), 14 survivors (14336K)
 Metaspace       used 99300K, committed 100032K, reserved 1138688K
  class space    used 13526K, committed 13824K, reserved 1048576K
}
Event: 11.031 GC heap before
{Heap before GC invocations=32 (full 0):
 garbage-first heap   total 239616K, used 185288K [0x0000000080000000, 0x0000000100000000)
  region size 1024K, 99 young (101376K), 14 survivors (14336K)
 Metaspace       used 100002K, committed 100736K, reserved 1138688K
  class space    used 13613K, committed 13952K, reserved 1048576K
}
Event: 11.044 GC heap after
{Heap after GC invocations=33 (full 0):
 garbage-first heap   total 239616K, used 107509K [0x0000000080000000, 0x0000000100000000)
  region size 1024K, 8 young (8192K), 8 survivors (8192K)
 Metaspace       used 100002K, committed 100736K, reserved 1138688K
  class space    used 13613K, committed 13952K, reserved 1048576K
}
Event: 12.592 GC heap before
{Heap before GC invocations=33 (full 0):
 garbage-first heap   total 239616K, used 197621K [0x0000000080000000, 0x0000000100000000)
  region size 1024K, 88 young (90112K), 8 survivors (8192K)
 Metaspace       used 103162K, committed 103936K, reserved 1138688K
  class space    used 13978K, committed 14336K, reserved 1048576K
}
Event: 12.615 GC heap after
{Heap after GC invocations=34 (full 0):
 garbage-first heap   total 239616K, used 131303K [0x0000000080000000, 0x0000000100000000)
  region size 1024K, 11 young (11264K), 11 survivors (11264K)
 Metaspace       used 103162K, committed 103936K, reserved 1138688K
  class space    used 13978K, committed 14336K, reserved 1048576K
}
Event: 13.509 GC heap before
{Heap before GC invocations=34 (full 0):
 garbage-first heap   total 239616K, used 190695K [0x0000000080000000, 0x0000000100000000)
  region size 1024K, 62 young (63488K), 11 survivors (11264K)
 Metaspace       used 103855K, committed 104640K, reserved 1146880K
  class space    used 14041K, committed 14400K, reserved 1048576K
}
Event: 13.527 GC heap after
{Heap after GC invocations=35 (full 0):
 garbage-first heap   total 239616K, used 142776K [0x0000000080000000, 0x0000000100000000)
  region size 1024K, 8 young (8192K), 8 survivors (8192K)
 Metaspace       used 103855K, committed 104640K, reserved 1146880K
  class space    used 14041K, committed 14400K, reserved 1048576K
}
Event: 14.031 GC heap before
{Heap before GC invocations=35 (full 0):
 garbage-first heap   total 239616K, used 212408K [0x0000000080000000, 0x0000000100000000)
  region size 1024K, 52 young (53248K), 8 survivors (8192K)
 Metaspace       used 104365K, committed 105152K, reserved 1146880K
  class space    used 14090K, committed 14464K, reserved 1048576K
}

