# JRE version: OpenJDK Runtime Environment (17.0.6) (build 17.0.6+0-b2043.56-10027231)
# Java VM: OpenJDK 64-Bit Server VM (17.0.6+0-b2043.56-10027231, mixed mode, tiered, compressed oops, compressed class ptrs, g1 gc, windows-amd64)
GC Precious Log:
 CPUs: 8 total, 8 available
 Memory: 7971M
 Large Page Support: Disabled
 NUMA Support: Disabled
 Compressed Oops: Enabled (32-bit)
 Heap Region Size: 1M
 Heap Min Capacity: 8M
 Heap Initial Capacity: 126M
 Heap Max Capacity: 1994M
 Pre-touch: Disabled
 Parallel Workers: 8
 Concurrent Workers: 2
 Concurrent Refinement Workers: 8
 Periodic GC: Disabled
Heap:
 garbage-first heap   total 159744K, used 79994K [0x0000000083600000, 0x0000000100000000)
  region size 1024K, 3 young (3072K), 3 survivors (3072K)
 Metaspace       used 80009K, committed 80320K, reserved 1122304K
  class space    used 8805K, committed 8960K, reserved 1048576K
GC Heap History (20 events):
Event: 3.600 GC heap after
{Heap after GC invocations=15 (full 0):
 garbage-first heap   total 103424K, used 44785K [0x0000000083600000, 0x0000000100000000)
  region size 1024K, 6 young (6144K), 6 survivors (6144K)
 Metaspace       used 51502K, committed 51712K, reserved 1097728K
  class space    used 6111K, committed 6208K, reserved 1048576K
}
Event: 3.800 GC heap before
{Heap before GC invocations=15 (full 0):
 garbage-first heap   total 103424K, used 77553K [0x0000000083600000, 0x0000000100000000)
  region size 1024K, 38 young (38912K), 6 survivors (6144K)
 Metaspace       used 51919K, committed 52160K, reserved 1097728K
  class space    used 6145K, committed 6272K, reserved 1048576K
}
Event: 3.813 GC heap after
{Heap after GC invocations=16 (full 0):
 garbage-first heap   total 103424K, used 49152K [0x0000000083600000, 0x0000000100000000)
  region size 1024K, 4 young (4096K), 4 survivors (4096K)
 Metaspace       used 51919K, committed 52160K, reserved 1097728K
  class space    used 6145K, committed 6272K, reserved 1048576K
}
Event: 3.864 GC heap before
{Heap before GC invocations=16 (full 0):
 garbage-first heap   total 103424K, used 78848K [0x0000000083600000, 0x0000000100000000)
  region size 1024K, 33 young (33792K), 4 survivors (4096K)
 Metaspace       used 51924K, committed 52160K, reserved 1097728K
  class space    used 6146K, committed 6272K, reserved 1048576K
}
Event: 3.869 GC heap after
{Heap after GC invocations=17 (full 0):
 garbage-first heap   total 103424K, used 49937K [0x0000000083600000, 0x0000000100000000)
  region size 1024K, 1 young (1024K), 1 survivors (1024K)
 Metaspace       used 51924K, committed 52160K, reserved 1097728K
  class space    used 6146K, committed 6272K, reserved 1048576K
}
Event: 4.305 GC heap before
{Heap before GC invocations=17 (full 0):
 garbage-first heap   total 103424K, used 81681K [0x0000000083600000, 0x0000000100000000)
  region size 1024K, 32 young (32768K), 1 survivors (1024K)
 Metaspace       used 55820K, committed 56064K, reserved 1105920K
  class space    used 6617K, committed 6720K, reserved 1048576K
}
Event: 4.313 GC heap after
{Heap after GC invocations=18 (full 0):
 garbage-first heap   total 159744K, used 52094K [0x0000000083600000, 0x0000000100000000)
  region size 1024K, 3 young (3072K), 3 survivors (3072K)
 Metaspace       used 55820K, committed 56064K, reserved 1105920K
  class space    used 6617K, committed 6720K, reserved 1048576K
}
Event: 6.446 GC heap before
{Heap before GC invocations=19 (full 0):
 garbage-first heap   total 159744K, used 121726K [0x0000000083600000, 0x0000000100000000)
  region size 1024K, 71 young (72704K), 3 survivors (3072K)
 Metaspace       used 60927K, committed 61184K, reserved 1105920K
  class space    used 6995K, committed 7104K, reserved 1048576K
}
Event: 6.463 GC heap after
{Heap after GC invocations=20 (full 0):
 garbage-first heap   total 159744K, used 60054K [0x0000000083600000, 0x0000000100000000)
  region size 1024K, 9 young (9216K), 9 survivors (9216K)
 Metaspace       used 60927K, committed 61184K, reserved 1105920K
  class space    used 6995K, committed 7104K, reserved 1048576K
}
Event: 6.502 GC heap before
{Heap before GC invocations=20 (full 0):
 garbage-first heap   total 159744K, used 61078K [0x0000000083600000, 0x0000000100000000)
  region size 1024K, 10 young (10240K), 9 survivors (9216K)
 Metaspace       used 60945K, committed 61184K, reserved 1105920K
  class space    used 6995K, committed 7104K, reserved 1048576K
}
Event: 6.515 GC heap after
{Heap after GC invocations=21 (full 0):
 garbage-first heap   total 159744K, used 60266K [0x0000000083600000, 0x0000000100000000)
  region size 1024K, 1 young (1024K), 1 survivors (1024K)
 Metaspace       used 60945K, committed 61184K, reserved 1105920K
  class space    used 6995K, committed 7104K, reserved 1048576K
}
Event: 7.863 GC heap before
{Heap before GC invocations=21 (full 0):
 garbage-first heap   total 159744K, used 117610K [0x0000000083600000, 0x0000000100000000)
  region size 1024K, 57 young (58368K), 1 survivors (1024K)
 Metaspace       used 66857K, committed 67136K, reserved 1114112K
  class space    used 7547K, committed 7680K, reserved 1048576K
}
Event: 7.876 GC heap after
{Heap after GC invocations=22 (full 0):
 garbage-first heap   total 159744K, used 64242K [0x0000000083600000, 0x0000000100000000)
  region size 1024K, 5 young (5120K), 5 survivors (5120K)
 Metaspace       used 66857K, committed 67136K, reserved 1114112K
  class space    used 7547K, committed 7680K, reserved 1048576K
}
Event: 8.879 GC heap before
{Heap before GC invocations=22 (full 0):
 garbage-first heap   total 159744K, used 121586K [0x0000000083600000, 0x0000000100000000)
  region size 1024K, 61 young (62464K), 5 survivors (5120K)
 Metaspace       used 71699K, committed 72000K, reserved 1114112K
  class space    used 8021K, committed 8192K, reserved 1048576K
}
Event: 8.896 GC heap after
{Heap after GC invocations=23 (full 0):
 garbage-first heap   total 159744K, used 72205K [0x0000000083600000, 0x0000000100000000)
  region size 1024K, 8 young (8192K), 8 survivors (8192K)
 Metaspace       used 71699K, committed 72000K, reserved 1114112K
  class space    used 8021K, committed 8192K, reserved 1048576K
}
Event: 9.473 GC heap before
{Heap before GC invocations=23 (full 0):
 garbage-first heap   total 159744K, used 123405K [0x0000000083600000, 0x0000000100000000)
  region size 1024K, 58 young (59392K), 8 survivors (8192K)
 Metaspace       used 77567K, committed 77888K, reserved 1122304K
  class space    used 8611K, committed 8768K, reserved 1048576K
}
Event: 9.484 GC heap after
{Heap after GC invocations=24 (full 0):
 garbage-first heap   total 159744K, used 77679K [0x0000000083600000, 0x0000000100000000)
  region size 1024K, 6 young (6144K), 6 survivors (6144K)
 Metaspace       used 77567K, committed 77888K, reserved 1122304K
  class space    used 8611K, committed 8768K, reserved 1048576K
}
Event: 9.820 GC heap before
{Heap before GC invocations=24 (full 0):
 garbage-first heap   total 159744K, used 125807K [0x0000000083600000, 0x0000000100000000)
  region size 1024K, 53 young (54272K), 6 survivors (6144K)
 Metaspace       used 78661K, committed 78976K, reserved 1122304K
  class space    used 8715K, committed 8896K, reserved 1048576K
}
Event: 9.833 GC heap after
{Heap after GC invocations=25 (full 0):
 garbage-first heap   total 159744K, used 79413K [0x0000000083600000, 0x0000000100000000)
  region size 1024K, 2 young (2048K), 2 survivors (2048K)
 Metaspace       used 78661K, committed 78976K, reserved 1122304K
  class space    used 8715K, committed 8896K, reserved 1048576K
}
Event: 10.129 GC heap before
{Heap before GC invocations=25 (full 0):
 garbage-first heap   total 159744K, used 128565K [0x0000000083600000, 0x0000000100000000)
  region size 1024K, 50 young (51200K), 2 survivors (2048K)
 Metaspace       used 80009K, committed 80320K, reserved 1122304K
  class space    used 8805K, committed 8960K, reserved 1048576K
}

