# JRE version: OpenJDK Runtime Environment (17.0.6) (build 17.0.6+0-b2043.56-10027231)
# Java VM: OpenJDK 64-Bit Server VM (17.0.6+0-b2043.56-10027231, mixed mode, tiered, compressed oops, compressed class ptrs, g1 gc, windows-amd64)
GC Precious Log:
 CPUs: 8 total, 8 available
 Memory: 7971M
 Large Page Support: Disabled
 NUMA Support: Disabled
 Compressed Oops: Enabled (32-bit)
 Heap Region Size: 1M
 Heap Min Capacity: 8M
 Heap Initial Capacity: 126M
 Heap Max Capacity: 2G
 Pre-touch: Disabled
 Parallel Workers: 8
 Concurrent Workers: 2
 Concurrent Refinement Workers: 8
 Periodic GC: Disabled
Heap:
 garbage-first heap   total 314368K, used 162405K [0x0000000080000000, 0x0000000100000000)
  region size 1024K, 5 young (5120K), 5 survivors (5120K)
 Metaspace       used 116972K, committed 117760K, reserved 1155072K
  class space    used 15106K, committed 15488K, reserved 1048576K
GC Heap History (20 events):
Event: 9.211 GC heap after
{Heap after GC invocations=22 (full 0):
 garbage-first heap   total 218112K, used 136311K [0x0000000080000000, 0x0000000100000000)
  region size 1024K, 8 young (8192K), 8 survivors (8192K)
 Metaspace       used 84525K, committed 85184K, reserved 1122304K
  class space    used 11392K, committed 11712K, reserved 1048576K
}
Event: 9.636 GC heap before
{Heap before GC invocations=22 (full 0):
 garbage-first heap   total 218112K, used 178295K [0x0000000080000000, 0x0000000100000000)
  region size 1024K, 49 young (50176K), 8 survivors (8192K)
 Metaspace       used 89607K, committed 90240K, reserved 1130496K
  class space    used 12000K, committed 12288K, reserved 1048576K
}
Event: 9.642 GC heap after
{Heap after GC invocations=23 (full 0):
 garbage-first heap   total 218112K, used 140082K [0x0000000080000000, 0x0000000100000000)
  region size 1024K, 4 young (4096K), 4 survivors (4096K)
 Metaspace       used 89607K, committed 90240K, reserved 1130496K
  class space    used 12000K, committed 12288K, reserved 1048576K
}
Event: 9.976 GC heap before
{Heap before GC invocations=24 (full 0):
 garbage-first heap   total 245760K, used 181042K [0x0000000080000000, 0x0000000100000000)
  region size 1024K, 43 young (44032K), 4 survivors (4096K)
 Metaspace       used 93282K, committed 93952K, reserved 1130496K
  class space    used 12485K, committed 12800K, reserved 1048576K
}
Event: 9.982 GC heap after
{Heap after GC invocations=25 (full 0):
 garbage-first heap   total 245760K, used 141925K [0x0000000080000000, 0x0000000100000000)
  region size 1024K, 6 young (6144K), 6 survivors (6144K)
 Metaspace       used 93282K, committed 93952K, reserved 1130496K
  class space    used 12485K, committed 12800K, reserved 1048576K
}
Event: 9.994 GC heap before
{Heap before GC invocations=25 (full 0):
 garbage-first heap   total 245760K, used 148069K [0x0000000080000000, 0x0000000100000000)
  region size 1024K, 12 young (12288K), 6 survivors (6144K)
 Metaspace       used 93284K, committed 93952K, reserved 1130496K
  class space    used 12485K, committed 12800K, reserved 1048576K
}
Event: 9.999 GC heap after
{Heap after GC invocations=26 (full 0):
 garbage-first heap   total 294912K, used 142553K [0x0000000080000000, 0x0000000100000000)
  region size 1024K, 2 young (2048K), 2 survivors (2048K)
 Metaspace       used 93284K, committed 93952K, reserved 1130496K
  class space    used 12485K, committed 12800K, reserved 1048576K
}
Event: 10.881 GC heap before
{Heap before GC invocations=26 (full 0):
 garbage-first heap   total 294912K, used 225497K [0x0000000080000000, 0x0000000100000000)
  region size 1024K, 83 young (84992K), 2 survivors (2048K)
 Metaspace       used 99713K, committed 100352K, reserved 1138688K
  class space    used 13227K, committed 13504K, reserved 1048576K
}
Event: 10.886 GC heap after
{Heap after GC invocations=27 (full 0):
 garbage-first heap   total 294912K, used 146716K [0x0000000080000000, 0x0000000100000000)
  region size 1024K, 6 young (6144K), 6 survivors (6144K)
 Metaspace       used 99713K, committed 100352K, reserved 1138688K
  class space    used 13227K, committed 13504K, reserved 1048576K
}
Event: 97.336 GC heap before
{Heap before GC invocations=28 (full 0):
 garbage-first heap   total 294912K, used 230684K [0x0000000080000000, 0x0000000100000000)
  region size 1024K, 88 young (90112K), 6 survivors (6144K)
 Metaspace       used 101377K, committed 102144K, reserved 1138688K
  class space    used 13429K, committed 13824K, reserved 1048576K
}
Event: 97.344 GC heap after
{Heap after GC invocations=29 (full 0):
 garbage-first heap   total 294912K, used 150841K [0x0000000080000000, 0x0000000100000000)
  region size 1024K, 10 young (10240K), 10 survivors (10240K)
 Metaspace       used 101377K, committed 102144K, reserved 1138688K
  class space    used 13429K, committed 13824K, reserved 1048576K
}
Event: 97.356 GC heap before
{Heap before GC invocations=29 (full 0):
 garbage-first heap   total 294912K, used 154937K [0x0000000080000000, 0x0000000100000000)
  region size 1024K, 14 young (14336K), 10 survivors (10240K)
 Metaspace       used 101391K, committed 102208K, reserved 1138688K
  class space    used 13429K, committed 13824K, reserved 1048576K
}
Event: 97.364 GC heap after
{Heap after GC invocations=30 (full 0):
 garbage-first heap   total 294912K, used 151097K [0x0000000080000000, 0x0000000100000000)
  region size 1024K, 2 young (2048K), 2 survivors (2048K)
 Metaspace       used 101391K, committed 102208K, reserved 1138688K
  class space    used 13429K, committed 13824K, reserved 1048576K
}
Event: 97.520 GC heap before
{Heap before GC invocations=30 (full 0):
 garbage-first heap   total 294912K, used 177721K [0x0000000080000000, 0x0000000100000000)
  region size 1024K, 29 young (29696K), 2 survivors (2048K)
 Metaspace       used 101484K, committed 102272K, reserved 1138688K
  class space    used 13429K, committed 13824K, reserved 1048576K
}
Event: 97.524 GC heap after
{Heap after GC invocations=31 (full 0):
 garbage-first heap   total 294912K, used 155429K [0x0000000080000000, 0x0000000100000000)
  region size 1024K, 6 young (6144K), 6 survivors (6144K)
 Metaspace       used 101484K, committed 102272K, reserved 1138688K
  class space    used 13429K, committed 13824K, reserved 1048576K
}
Event: 98.043 GC heap before
{Heap before GC invocations=32 (full 0):
 garbage-first heap   total 314368K, used 230181K [0x0000000080000000, 0x0000000100000000)
  region size 1024K, 78 young (79872K), 6 survivors (6144K)
 Metaspace       used 103395K, committed 104128K, reserved 1146880K
  class space    used 13584K, committed 13952K, reserved 1048576K
}
Event: 98.052 GC heap after
{Heap after GC invocations=33 (full 0):
 garbage-first heap   total 314368K, used 161341K [0x0000000080000000, 0x0000000100000000)
  region size 1024K, 6 young (6144K), 6 survivors (6144K)
 Metaspace       used 103395K, committed 104128K, reserved 1146880K
  class space    used 13584K, committed 13952K, reserved 1048576K
}
Event: 98.111 GC heap before
{Heap before GC invocations=33 (full 0):
 garbage-first heap   total 314368K, used 169533K [0x0000000080000000, 0x0000000100000000)
  region size 1024K, 15 young (15360K), 6 survivors (6144K)
 Metaspace       used 103595K, committed 104320K, reserved 1146880K
  class space    used 13600K, committed 13952K, reserved 1048576K
}
Event: 98.117 GC heap after
{Heap after GC invocations=34 (full 0):
 garbage-first heap   total 314368K, used 159848K [0x0000000080000000, 0x0000000100000000)
  region size 1024K, 2 young (2048K), 2 survivors (2048K)
 Metaspace       used 103595K, committed 104320K, reserved 1146880K
  class space    used 13600K, committed 13952K, reserved 1048576K
}
Event: 99.096 GC heap before
{Heap before GC invocations=34 (full 0):
 garbage-first heap   total 314368K, used 243816K [0x0000000080000000, 0x0000000100000000)
  region size 1024K, 84 young (86016K), 2 survivors (2048K)
 Metaspace       used 116972K, committed 117760K, reserved 1155072K
  class space    used 15106K, committed 15488K, reserved 1048576K
}

